[1] 2023-11-10 14:24:43 Bootstrapper Starting: 
[1] 2023-11-10 14:24:43 App:AgDataHandle.Web
Description:
Version:1.0.0.0
Company:AgDataHandle.Web
Copyright:
StartTime:2023/11/10 14:24:43
Location:F:\CodeDataCheck\AGSpatialDataCheck\AgDataHandle.Web\bin\Debug\net6.0
MachineName:DESKTOP-R92DDN7

[1] 2023-11-10 14:24:43 Environment: 
[1] 2023-11-10 14:24:43 Environment name: dev
[1] 2023-11-10 14:24:43 Environment IsProd: False
[1] 2023-11-10 14:24:43 Environment IsQa: False
[1] 2023-11-10 14:24:43 Environment IsDev: True
[1] 2023-11-10 14:24:43 Execute Starter: ServiceCenter.Core.Aop.Default.DefaultObjectContainerStarter
[1] 2023-11-10 14:24:43 Create Default Dependency Injection Container...
[1] 2023-11-10 14:24:43 Assign Object Container: ServiceCenter.Core.Aop.Default.DefaultObjectContainer
[1] 2023-11-10 14:24:43 Completed Starter: ServiceCenter.Core.Aop.Default.DefaultObjectContainerStarter, Time: 0 ms
[1] 2023-11-10 14:24:43 Execute Starter: ServiceCenter.Core.Config.DefaultConfigStarter
[1] 2023-11-10 14:24:43 Completed Starter: ServiceCenter.Core.Config.DefaultConfigStarter, Time: 1 ms
[1] 2023-11-10 14:24:43 Execute Starter: ServiceCenter.Core.Caching.Configuration.RuntimeCacheStarter
[1] 2023-11-10 14:24:43 Add Runtime Cache Provider...
[1] 2023-11-10 14:24:43 Completed Starter: ServiceCenter.Core.Caching.Configuration.RuntimeCacheStarter, Time: 4 ms
[1] 2023-11-10 14:24:43 Execute Starter: ServiceCenter.Core.IdGenerate.SnowflakeIdStringCreatorStarter
[1] 2023-11-10 14:24:43 IdGenerateManager Register ServiceCenter.Core.IdGenerate.SnowflakeIdStringCreator as IIdCreator[STRING]. 
[1] 2023-11-10 14:24:43 Completed Starter: ServiceCenter.Core.IdGenerate.SnowflakeIdStringCreatorStarter, Time: 9 ms
[1] 2023-11-10 14:24:43 Execute Starter: ServiceCenter.Core.IdGenerate.TimestampIdLongCreatorStarter
[1] 2023-11-10 14:24:43 IdGenerateManager Register ServiceCenter.Core.IdGenerate.TimestampIdLongCreator as IIdCreator[LONG]. 
[1] 2023-11-10 14:24:43 Completed Starter: ServiceCenter.Core.IdGenerate.TimestampIdLongCreatorStarter, Time: 0 ms
[1] 2023-11-10 14:24:43 Execute Starter: ServiceCenter.Core.Data.DbContextStarter
[1] 2023-11-10 14:24:43 Load DbContext : AgDataHandle.Domain.FILEDbContext
[1] 2023-11-10 14:24:43 Registered DbContext:AgDataHandle.Domain.FILEDbContext(Singleton)
[1] 2023-11-10 14:24:43 Registered ApplicationService:AgDataHandle.Domain.FileStorageService(Transient)
[1] 2023-11-10 14:24:43 Registered Repository:ServiceCenter.Core.Data.IRepositoryNoPK`2[AgDataHandle.Domain.FILEDbContext,AgDataHandle.Domain.FileStorageEntity]  to ServiceCenter.Core.Data.PDRepositoryBaseCustom`2[AgDataHandle.Domain.FILEDbContext,AgDataHandle.Domain.FileStorageEntity](Transient)
[1] 2023-11-10 14:24:43 Completed Starter: ServiceCenter.Core.Data.DbContextStarter, Time: 13 ms
[3] 2023-11-10 14:24:46 LocalDatabaseConfigLoader Load: F:\CodeDataCheck\AGSpatialDataCheck\AgDataHandle.Web\bin\Debug\net6.0\FILEDbContext.xml Starting
[3] 2023-11-10 14:24:46 Load DatabaseConfig Successfully : F:\CodeDataCheck\AGSpatialDataCheck\AgDataHandle.Web\bin\Debug\net6.0\FILEDbContext.xml 
[3] 2023-11-10 14:24:46 
 _____                 _____ _             _    
|  __ \               / ____| |           | |   
| |__) |   _ _ __ ___| (___ | |_ __ _  ___| | __
|  ___/ | | | '__/ _ \\___ \| __/ _` |/ __| |/ /
| |   | |_| | | |  __/____) | || (_| | (__|   < 
|_|    \__,_|_|  \___|_____/ \__\__,_|\___|_|\_\

## Pure Data ##                         (v5.0.1.RELEASE)
                    

---------------------------DatabaseConfig---------------------------
ParameterPrefix=#{ 
ParameterSuffix=}  
GlobalTablePrefix=  
ExecuteTimeout=30
DefaultPageSize=10
AutoDisposeConnection=True
ValidateStopOnFirstFailure=False
LoadMapperMode=FluentMapper
EnableLobConverter=False
LobConverterClassName=
BulkOperateClassName=
EnableDefaultPropertySecurityValidate=False
PropertySecurityValidateClassName=

EnableDebug=True
EnableIntercept=True
EnableLogError=True
EnableOrmLog=True
LogWithRawSql=True
CategoryLogType=False
OrmLogsPath=F:\CodeDataCheck\AGSpatialDataCheck\AgDataHandle.Web\logs
MaxServerLogSize=12000

EnableOrmCache=False
CacheOrmTime=60
CacheOrmSingleTime=60
OrmCacheCheckPeriod=5

EnableSqlMap=True
NameSpacePrefix=AgDataHandle.Domain.
CanUpdatedWhenTableExisted=True
FormatSql=True
IsWatchSqlMapFile=True
WatchSqlMapInterval=3000
SqlMapDirPaths=Data
SqlMapFilePaths=

AutoMigrate=True
AutoRemoveUnuseColumnInTable=True
EnableAutoMigrateLog=False
EnableAutoMigrateDebug=True
AutoMigrateOnContainTable=
AutoMigrateWithoutTable=
EnableGlobalIgnoreUpdatedColumns=True
AutoFilterEmptyValueColumnsWhenTrack=True
GlobalIgnoreUpdatedColumns=Id;Version;VersionRefId;CreateTime;CreateUser;CreateUserID

Interceptors=Pure.Data.ConnectionTestIntercept;Pure.Data.OutputSQLIntercept;Pure.Data.OutputExceptionIntercept
MappingAssemblies=AgDataHandle.Domain, Version=1.0.0.0, Culture=neutral, PublicKeyToken=null
DataSources=WriteDB_Write_1
OutputAction=Pure.Data.OutputActionDelegate
DbConnectionInit=
---------------------------Finish Loading DatabaseConfig---------------------------
[3] 2023-11-10 14:24:47 Loading SqlMap Directory: Data
[3] 2023-11-10 14:24:47  Not Exist SqlMap Directory: Data
[5] 2023-11-10 14:24:47 Watch sqlmap files finished .
[3] 2023-11-10 14:24:47 初始化AutoMigrateHelper完成
[3] 2023-11-10 14:24:47 开始AutoMigrate...
[3] 2023-11-10 14:24:47 CREATE TABLE A_File_Storage (id TEXT  PRIMARY KEY, filename TEXT, filepath TEXT, filesize INTEGER, fileextension TEXT, filetree TEXT, secret TEXT, statuscode INTEGER, createuser TEXT, createtime TEXT)
[3] 2023-11-10 14:24:47 新增表【A_File_Storage】成功
[3] 2023-11-10 14:24:47 AutoMigrate：A_File_Storage
[3] 2023-11-10 14:24:47 AutoMigrate完成 - 2023/11/10 14:24:47
[1] 2023-11-10 14:53:08 Bootstrapper Starting: 
[1] 2023-11-10 14:53:08 App:AgDataHandle.Web
Description:
Version:1.0.0.0
Company:AgDataHandle.Web
Copyright:
StartTime:2023/11/10 14:53:08
Location:F:\CodeDataCheck\AGSpatialDataCheck\AgDataHandle.Web\bin\Debug\net6.0
MachineName:DESKTOP-R92DDN7

[1] 2023-11-10 14:53:08 Environment: 
[1] 2023-11-10 14:53:08 Environment name: dev
[1] 2023-11-10 14:53:08 Environment IsProd: False
[1] 2023-11-10 14:53:08 Environment IsQa: False
[1] 2023-11-10 14:53:08 Environment IsDev: True
[1] 2023-11-10 14:53:08 Execute Starter: ServiceCenter.Core.Aop.Default.DefaultObjectContainerStarter
[1] 2023-11-10 14:53:08 Create Default Dependency Injection Container...
[1] 2023-11-10 14:53:08 Assign Object Container: ServiceCenter.Core.Aop.Default.DefaultObjectContainer
[1] 2023-11-10 14:53:08 Completed Starter: ServiceCenter.Core.Aop.Default.DefaultObjectContainerStarter, Time: 0 ms
[1] 2023-11-10 14:53:08 Execute Starter: ServiceCenter.Core.Config.DefaultConfigStarter
[1] 2023-11-10 14:53:08 Completed Starter: ServiceCenter.Core.Config.DefaultConfigStarter, Time: 1 ms
[1] 2023-11-10 14:53:08 Execute Starter: ServiceCenter.Core.Caching.Configuration.RuntimeCacheStarter
[1] 2023-11-10 14:53:08 Add Runtime Cache Provider...
[1] 2023-11-10 14:53:08 Completed Starter: ServiceCenter.Core.Caching.Configuration.RuntimeCacheStarter, Time: 3 ms
[1] 2023-11-10 14:53:08 Execute Starter: ServiceCenter.Core.IdGenerate.SnowflakeIdStringCreatorStarter
[1] 2023-11-10 14:53:08 IdGenerateManager Register ServiceCenter.Core.IdGenerate.SnowflakeIdStringCreator as IIdCreator[STRING]. 
[1] 2023-11-10 14:53:08 Completed Starter: ServiceCenter.Core.IdGenerate.SnowflakeIdStringCreatorStarter, Time: 4 ms
[1] 2023-11-10 14:53:08 Execute Starter: ServiceCenter.Core.IdGenerate.TimestampIdLongCreatorStarter
[1] 2023-11-10 14:53:08 IdGenerateManager Register ServiceCenter.Core.IdGenerate.TimestampIdLongCreator as IIdCreator[LONG]. 
[1] 2023-11-10 14:53:08 Completed Starter: ServiceCenter.Core.IdGenerate.TimestampIdLongCreatorStarter, Time: 0 ms
[1] 2023-11-10 14:53:08 Execute Starter: ServiceCenter.Core.Data.DbContextStarter
[1] 2023-11-10 14:53:08 Load DbContext : AgDataHandle.Domain.FILEDbContext
[1] 2023-11-10 14:53:08 Registered DbContext:AgDataHandle.Domain.FILEDbContext(Singleton)
[1] 2023-11-10 14:53:08 Registered ApplicationService:AgDataHandle.Domain.FileStorageService(Transient)
[1] 2023-11-10 14:53:08 Registered Repository:ServiceCenter.Core.Data.IRepositoryNoPK`2[AgDataHandle.Domain.FILEDbContext,AgDataHandle.Domain.FileStorageEntity]  to ServiceCenter.Core.Data.PDRepositoryBaseCustom`2[AgDataHandle.Domain.FILEDbContext,AgDataHandle.Domain.FileStorageEntity](Transient)
[1] 2023-11-10 14:53:08 Completed Starter: ServiceCenter.Core.Data.DbContextStarter, Time: 8 ms
[3] 2023-11-10 14:53:09 LocalDatabaseConfigLoader Load: F:\CodeDataCheck\AGSpatialDataCheck\AgDataHandle.Web\bin\Debug\net6.0\FILEDbContext.xml Starting
[3] 2023-11-10 14:53:09 Load DatabaseConfig Successfully : F:\CodeDataCheck\AGSpatialDataCheck\AgDataHandle.Web\bin\Debug\net6.0\FILEDbContext.xml 
[3] 2023-11-10 14:53:09 
 _____                 _____ _             _    
|  __ \               / ____| |           | |   
| |__) |   _ _ __ ___| (___ | |_ __ _  ___| | __
|  ___/ | | | '__/ _ \\___ \| __/ _` |/ __| |/ /
| |   | |_| | | |  __/____) | || (_| | (__|   < 
|_|    \__,_|_|  \___|_____/ \__\__,_|\___|_|\_\

## Pure Data ##                         (v5.0.1.RELEASE)
                    

---------------------------DatabaseConfig---------------------------
ParameterPrefix=#{ 
ParameterSuffix=}  
GlobalTablePrefix=  
ExecuteTimeout=30
DefaultPageSize=10
AutoDisposeConnection=True
ValidateStopOnFirstFailure=False
LoadMapperMode=FluentMapper
EnableLobConverter=False
LobConverterClassName=
BulkOperateClassName=
EnableDefaultPropertySecurityValidate=False
PropertySecurityValidateClassName=

EnableDebug=True
EnableIntercept=True
EnableLogError=True
EnableOrmLog=True
LogWithRawSql=True
CategoryLogType=False
OrmLogsPath=F:\CodeDataCheck\AGSpatialDataCheck\AgDataHandle.Web\logs
MaxServerLogSize=12000

EnableOrmCache=False
CacheOrmTime=60
CacheOrmSingleTime=60
OrmCacheCheckPeriod=5

EnableSqlMap=True
NameSpacePrefix=AgDataHandle.Domain.
CanUpdatedWhenTableExisted=True
FormatSql=True
IsWatchSqlMapFile=True
WatchSqlMapInterval=3000
SqlMapDirPaths=Data
SqlMapFilePaths=

AutoMigrate=True
AutoRemoveUnuseColumnInTable=True
EnableAutoMigrateLog=False
EnableAutoMigrateDebug=True
AutoMigrateOnContainTable=
AutoMigrateWithoutTable=
EnableGlobalIgnoreUpdatedColumns=True
AutoFilterEmptyValueColumnsWhenTrack=True
GlobalIgnoreUpdatedColumns=Id;Version;VersionRefId;CreateTime;CreateUser;CreateUserID

Interceptors=Pure.Data.ConnectionTestIntercept;Pure.Data.OutputSQLIntercept;Pure.Data.OutputExceptionIntercept
MappingAssemblies=AgDataHandle.Domain, Version=1.0.0.0, Culture=neutral, PublicKeyToken=null
DataSources=WriteDB_Write_1
OutputAction=Pure.Data.OutputActionDelegate
DbConnectionInit=
---------------------------Finish Loading DatabaseConfig---------------------------
[3] 2023-11-10 14:53:09 Loading SqlMap Directory: Data
[3] 2023-11-10 14:53:09  Not Exist SqlMap Directory: Data
[5] 2023-11-10 14:53:09 Watch sqlmap files finished .
[3] 2023-11-10 14:53:09 初始化AutoMigrateHelper完成
[3] 2023-11-10 14:53:09 开始AutoMigrate...
[3] 2023-11-10 14:53:09 ALTER TABLE A_File_Storage ADD COLUMN temp_filesize
[3] 2023-11-10 14:53:09 UPDATE A_File_Storage SET temp_filesize=filesize
[3] 2023-11-10 14:53:09 CREATE TABLE A_File_Storage_temp (id,filename,filepath,fileextension,filetree,secret,statuscode,createuser,createtime,temp_filesize)
[3] 2023-11-10 14:53:09 INSERT INTO A_File_Storage_temp SELECT id,filename,filepath,fileextension,filetree,secret,statuscode,createuser,createtime,temp_filesize FROM A_File_Storage
[3] 2023-11-10 14:53:09 DROP TABLE A_File_Storage
[3] 2023-11-10 14:53:09 ALTER TABLE A_File_Storage_temp RENAME TO A_File_Storage
[3] 2023-11-10 14:53:09 ALTER TABLE A_File_Storage ADD COLUMN filesize INTEGER
[3] 2023-11-10 14:53:09 UPDATE A_File_Storage SET filesize=temp_filesize
[3] 2023-11-10 14:53:09 CREATE TABLE A_File_Storage_temp (id,filename,filepath,fileextension,filetree,secret,statuscode,createuser,createtime,filesize)
[3] 2023-11-10 14:53:09 INSERT INTO A_File_Storage_temp SELECT id,filename,filepath,fileextension,filetree,secret,statuscode,createuser,createtime,filesize FROM A_File_Storage
[3] 2023-11-10 14:53:09 DROP TABLE A_File_Storage
[3] 2023-11-10 14:53:09 ALTER TABLE A_File_Storage_temp RENAME TO A_File_Storage
[3] 2023-11-10 14:53:09 修改表【A_File_Storage】字段【filesize】成功
[3] 2023-11-10 14:53:09 AutoMigrate：A_File_Storage
[3] 2023-11-10 14:53:09 AutoMigrate完成 - 2023/11/10 14:53:09
