[1] 2023-11-28 14:06:40 Bootstrapper Starting: 
[1] 2023-11-28 14:06:40 App:AgDataHandle.Web
Description:
Version:1.0.0.0
Company:AgDataHandle.Web
Copyright:
StartTime:2023/11/28 14:06:40
Location:F:\CodeDataCheck\PerDataConvert\AgDataHandle.Web\bin\Debug\net6.0
MachineName:DESKTOP-R92DDN7

[1] 2023-11-28 14:06:40 Environment: 
[1] 2023-11-28 14:06:40 Environment name: dev
[1] 2023-11-28 14:06:40 Environment IsProd: False
[1] 2023-11-28 14:06:40 Environment IsQa: False
[1] 2023-11-28 14:06:40 Environment IsDev: True
[1] 2023-11-28 14:06:40 Execute Starter: ServiceCenter.Core.Aop.Default.DefaultObjectContainerStarter
[1] 2023-11-28 14:06:40 Create Default Dependency Injection Container...
[1] 2023-11-28 14:06:40 Assign Object Container: ServiceCenter.Core.Aop.Default.DefaultObjectContainer
[1] 2023-11-28 14:06:40 Completed Starter: ServiceCenter.Core.Aop.Default.DefaultObjectContainerStarter, Time: 0 ms
[1] 2023-11-28 14:06:40 Execute Starter: ServiceCenter.Core.Config.DefaultConfigStarter
[1] 2023-11-28 14:06:40 Completed Starter: ServiceCenter.Core.Config.DefaultConfigStarter, Time: 0 ms
[1] 2023-11-28 14:06:40 Execute Starter: ServiceCenter.Core.Caching.Configuration.RuntimeCacheStarter
[1] 2023-11-28 14:06:40 Add Runtime Cache Provider...
[1] 2023-11-28 14:06:40 Completed Starter: ServiceCenter.Core.Caching.Configuration.RuntimeCacheStarter, Time: 2 ms
[1] 2023-11-28 14:06:40 Execute Starter: ServiceCenter.Core.IdGenerate.SnowflakeIdStringCreatorStarter
[1] 2023-11-28 14:06:40 IdGenerateManager Register ServiceCenter.Core.IdGenerate.SnowflakeIdStringCreator as IIdCreator[STRING]. 
[1] 2023-11-28 14:06:40 Completed Starter: ServiceCenter.Core.IdGenerate.SnowflakeIdStringCreatorStarter, Time: 2 ms
[1] 2023-11-28 14:06:40 Execute Starter: ServiceCenter.Core.IdGenerate.TimestampIdLongCreatorStarter
[1] 2023-11-28 14:06:40 IdGenerateManager Register ServiceCenter.Core.IdGenerate.TimestampIdLongCreator as IIdCreator[LONG]. 
[1] 2023-11-28 14:06:40 Completed Starter: ServiceCenter.Core.IdGenerate.TimestampIdLongCreatorStarter, Time: 0 ms
[1] 2023-11-28 14:06:40 Execute Starter: ServiceCenter.Core.Data.DbContextStarter
[1] 2023-11-28 14:06:40 Load DbContext : AgDataHandle.Domain.FILEDbContext
[1] 2023-11-28 14:06:40 Registered DbContext:AgDataHandle.Domain.FILEDbContext(Singleton)
[1] 2023-11-28 14:06:40 Registered ApplicationService:AgDataHandle.Domain.FileStorageService(Transient)
[1] 2023-11-28 14:06:40 Registered Repository:ServiceCenter.Core.Data.IRepositoryNoPK`2[AgDataHandle.Domain.FILEDbContext,AgDataHandle.Domain.FileStorageEntity]  to ServiceCenter.Core.Data.PDRepositoryBaseCustom`2[AgDataHandle.Domain.FILEDbContext,AgDataHandle.Domain.FileStorageEntity](Transient)
[1] 2023-11-28 14:06:40 Completed Starter: ServiceCenter.Core.Data.DbContextStarter, Time: 9 ms
[5] 2023-11-28 14:06:41 LocalDatabaseConfigLoader Load: F:\CodeDataCheck\PerDataConvert\AgDataHandle.Web\bin\Debug\net6.0\FILEDbContext.xml Starting
[5] 2023-11-28 14:06:41 Load DatabaseConfig Successfully : F:\CodeDataCheck\PerDataConvert\AgDataHandle.Web\bin\Debug\net6.0\FILEDbContext.xml 
[5] 2023-11-28 14:06:41 
 _____                 _____ _             _    
|  __ \               / ____| |           | |   
| |__) |   _ _ __ ___| (___ | |_ __ _  ___| | __
|  ___/ | | | '__/ _ \\___ \| __/ _` |/ __| |/ /
| |   | |_| | | |  __/____) | || (_| | (__|   < 
|_|    \__,_|_|  \___|_____/ \__\__,_|\___|_|\_\

## Pure Data ##                         (v5.0.1.RELEASE)
                    

---------------------------DatabaseConfig---------------------------
ParameterPrefix=#{ 
ParameterSuffix=}  
GlobalTablePrefix=  
ExecuteTimeout=30
DefaultPageSize=10
AutoDisposeConnection=True
ValidateStopOnFirstFailure=False
LoadMapperMode=FluentMapper
EnableLobConverter=False
LobConverterClassName=
BulkOperateClassName=
EnableDefaultPropertySecurityValidate=False
PropertySecurityValidateClassName=

EnableDebug=True
EnableIntercept=True
EnableLogError=True
EnableOrmLog=True
LogWithRawSql=True
CategoryLogType=False
OrmLogsPath=F:\CodeDataCheck\PerDataConvert\AgDataHandle.Web\logs
MaxServerLogSize=12000

EnableOrmCache=False
CacheOrmTime=60
CacheOrmSingleTime=60
OrmCacheCheckPeriod=5

EnableSqlMap=True
NameSpacePrefix=AgDataHandle.Domain.
CanUpdatedWhenTableExisted=True
FormatSql=True
IsWatchSqlMapFile=True
WatchSqlMapInterval=3000
SqlMapDirPaths=Data
SqlMapFilePaths=

AutoMigrate=True
AutoRemoveUnuseColumnInTable=True
EnableAutoMigrateLog=False
EnableAutoMigrateDebug=True
AutoMigrateOnContainTable=
AutoMigrateWithoutTable=
EnableGlobalIgnoreUpdatedColumns=True
AutoFilterEmptyValueColumnsWhenTrack=True
GlobalIgnoreUpdatedColumns=Id;Version;VersionRefId;CreateTime;CreateUser;CreateUserID

Interceptors=Pure.Data.ConnectionTestIntercept;Pure.Data.OutputSQLIntercept;Pure.Data.OutputExceptionIntercept
MappingAssemblies=AgDataHandle.Domain, Version=1.0.0.0, Culture=neutral, PublicKeyToken=null
DataSources=WriteDB_Write_1
OutputAction=Pure.Data.OutputActionDelegate
DbConnectionInit=
---------------------------Finish Loading DatabaseConfig---------------------------
[5] 2023-11-28 14:06:41 Loading SqlMap Directory: F:\CodeDataCheck\PerDataConvert\AgDataHandle.Web\bin\Debug\net6.0\Data
[5] 2023-11-28 14:06:41 Loading SqlMap : F:\CodeDataCheck\PerDataConvert\AgDataHandle.Web\bin\Debug\net6.0\Data\FileStorage\FileStorageSqlMapColumn.xml
[5] 2023-11-28 14:06:41 Loaded (AgDataHandle.Domain.FileStorageService) Successfully.
[5] 2023-11-28 14:06:41 Loading SqlMap : F:\CodeDataCheck\PerDataConvert\AgDataHandle.Web\bin\Debug\net6.0\Data\FileStorage\FileStorageSqlmap.xml
[5] 2023-11-28 14:06:41 Loaded (AgDataHandle.Domain.FileStorageService) Successfully.
[3] 2023-11-28 14:06:41 Watch file (AgDataHandle.Domain.FileStorageService) changed at :F:\CodeDataCheck\PerDataConvert\AgDataHandle.Web\bin\Debug\net6.0\Data\FileStorage\FileStorageSqlMapColumn.xml
[3] 2023-11-28 14:06:41 Watch file (AgDataHandle.Domain.FileStorageService) changed at :F:\CodeDataCheck\PerDataConvert\AgDataHandle.Web\bin\Debug\net6.0\Data\FileStorage\FileStorageSqlmap.xml
[3] 2023-11-28 14:06:41 Watch sqlmap files finished .
[5] 2023-11-28 14:06:41 初始化AutoMigrateHelper完成
[5] 2023-11-28 14:06:41 开始AutoMigrate...
[5] 2023-11-28 14:06:41 AutoMigrate：A_File_Storage
[5] 2023-11-28 14:06:41 AutoMigrate完成 - 2023/11/28 14:06:41
[1] 2023-11-28 14:08:14 Bootstrapper Starting: 
[1] 2023-11-28 14:08:14 App:AgDataHandle.Web
Description:
Version:1.0.0.0
Company:AgDataHandle.Web
Copyright:
StartTime:2023/11/28 14:08:14
Location:F:\CodeDataCheck\PerDataConvert\AgDataHandle.Web\bin\Debug\net6.0
MachineName:DESKTOP-R92DDN7

[1] 2023-11-28 14:08:14 Environment: 
[1] 2023-11-28 14:08:14 Environment name: dev
[1] 2023-11-28 14:08:14 Environment IsProd: False
[1] 2023-11-28 14:08:14 Environment IsQa: False
[1] 2023-11-28 14:08:14 Environment IsDev: True
[1] 2023-11-28 14:08:14 Execute Starter: ServiceCenter.Core.Aop.Default.DefaultObjectContainerStarter
[1] 2023-11-28 14:08:14 Create Default Dependency Injection Container...
[1] 2023-11-28 14:08:14 Assign Object Container: ServiceCenter.Core.Aop.Default.DefaultObjectContainer
[1] 2023-11-28 14:08:14 Completed Starter: ServiceCenter.Core.Aop.Default.DefaultObjectContainerStarter, Time: 0 ms
[1] 2023-11-28 14:08:14 Execute Starter: ServiceCenter.Core.Config.DefaultConfigStarter
[1] 2023-11-28 14:08:14 Completed Starter: ServiceCenter.Core.Config.DefaultConfigStarter, Time: 0 ms
[1] 2023-11-28 14:08:14 Execute Starter: ServiceCenter.Core.Caching.Configuration.RuntimeCacheStarter
[1] 2023-11-28 14:08:14 Add Runtime Cache Provider...
[1] 2023-11-28 14:08:14 Completed Starter: ServiceCenter.Core.Caching.Configuration.RuntimeCacheStarter, Time: 2 ms
[1] 2023-11-28 14:08:14 Execute Starter: ServiceCenter.Core.IdGenerate.SnowflakeIdStringCreatorStarter
[1] 2023-11-28 14:08:14 IdGenerateManager Register ServiceCenter.Core.IdGenerate.SnowflakeIdStringCreator as IIdCreator[STRING]. 
[1] 2023-11-28 14:08:14 Completed Starter: ServiceCenter.Core.IdGenerate.SnowflakeIdStringCreatorStarter, Time: 2 ms
[1] 2023-11-28 14:08:14 Execute Starter: ServiceCenter.Core.IdGenerate.TimestampIdLongCreatorStarter
[1] 2023-11-28 14:08:14 IdGenerateManager Register ServiceCenter.Core.IdGenerate.TimestampIdLongCreator as IIdCreator[LONG]. 
[1] 2023-11-28 14:08:14 Completed Starter: ServiceCenter.Core.IdGenerate.TimestampIdLongCreatorStarter, Time: 0 ms
[1] 2023-11-28 14:08:14 Execute Starter: ServiceCenter.Core.Data.DbContextStarter
[1] 2023-11-28 14:08:14 Load DbContext : AgDataHandle.Domain.FILEDbContext
[1] 2023-11-28 14:08:14 Registered DbContext:AgDataHandle.Domain.FILEDbContext(Singleton)
[1] 2023-11-28 14:08:14 Registered ApplicationService:AgDataHandle.Domain.FileStorageService(Transient)
[1] 2023-11-28 14:08:14 Registered Repository:ServiceCenter.Core.Data.IRepositoryNoPK`2[AgDataHandle.Domain.FILEDbContext,AgDataHandle.Domain.FileStorageEntity]  to ServiceCenter.Core.Data.PDRepositoryBaseCustom`2[AgDataHandle.Domain.FILEDbContext,AgDataHandle.Domain.FileStorageEntity](Transient)
[1] 2023-11-28 14:08:14 Completed Starter: ServiceCenter.Core.Data.DbContextStarter, Time: 7 ms
[5] 2023-11-28 14:08:15 LocalDatabaseConfigLoader Load: F:\CodeDataCheck\PerDataConvert\AgDataHandle.Web\bin\Debug\net6.0\FILEDbContext.xml Starting
[5] 2023-11-28 14:08:15 Load DatabaseConfig Successfully : F:\CodeDataCheck\PerDataConvert\AgDataHandle.Web\bin\Debug\net6.0\FILEDbContext.xml 
[5] 2023-11-28 14:08:15 
 _____                 _____ _             _    
|  __ \               / ____| |           | |   
| |__) |   _ _ __ ___| (___ | |_ __ _  ___| | __
|  ___/ | | | '__/ _ \\___ \| __/ _` |/ __| |/ /
| |   | |_| | | |  __/____) | || (_| | (__|   < 
|_|    \__,_|_|  \___|_____/ \__\__,_|\___|_|\_\

## Pure Data ##                         (v5.0.1.RELEASE)
                    

---------------------------DatabaseConfig---------------------------
ParameterPrefix=#{ 
ParameterSuffix=}  
GlobalTablePrefix=  
ExecuteTimeout=30
DefaultPageSize=10
AutoDisposeConnection=True
ValidateStopOnFirstFailure=False
LoadMapperMode=FluentMapper
EnableLobConverter=False
LobConverterClassName=
BulkOperateClassName=
EnableDefaultPropertySecurityValidate=False
PropertySecurityValidateClassName=

EnableDebug=True
EnableIntercept=True
EnableLogError=True
EnableOrmLog=True
LogWithRawSql=True
CategoryLogType=False
OrmLogsPath=F:\CodeDataCheck\PerDataConvert\AgDataHandle.Web\logs
MaxServerLogSize=12000

EnableOrmCache=False
CacheOrmTime=60
CacheOrmSingleTime=60
OrmCacheCheckPeriod=5

EnableSqlMap=True
NameSpacePrefix=AgDataHandle.Domain.
CanUpdatedWhenTableExisted=True
FormatSql=True
IsWatchSqlMapFile=True
WatchSqlMapInterval=3000
SqlMapDirPaths=Data
SqlMapFilePaths=

AutoMigrate=True
AutoRemoveUnuseColumnInTable=True
EnableAutoMigrateLog=False
EnableAutoMigrateDebug=True
AutoMigrateOnContainTable=
AutoMigrateWithoutTable=
EnableGlobalIgnoreUpdatedColumns=True
AutoFilterEmptyValueColumnsWhenTrack=True
GlobalIgnoreUpdatedColumns=Id;Version;VersionRefId;CreateTime;CreateUser;CreateUserID

Interceptors=Pure.Data.ConnectionTestIntercept;Pure.Data.OutputSQLIntercept;Pure.Data.OutputExceptionIntercept
MappingAssemblies=AgDataHandle.Domain, Version=1.0.0.0, Culture=neutral, PublicKeyToken=null
DataSources=WriteDB_Write_1
OutputAction=Pure.Data.OutputActionDelegate
DbConnectionInit=
---------------------------Finish Loading DatabaseConfig---------------------------
[5] 2023-11-28 14:08:15 Loading SqlMap Directory: F:\CodeDataCheck\PerDataConvert\AgDataHandle.Web\bin\Debug\net6.0\Data
[5] 2023-11-28 14:08:15 Loading SqlMap : F:\CodeDataCheck\PerDataConvert\AgDataHandle.Web\bin\Debug\net6.0\Data\FileStorage\FileStorageSqlMapColumn.xml
[5] 2023-11-28 14:08:15 Loaded (AgDataHandle.Domain.FileStorageService) Successfully.
[5] 2023-11-28 14:08:15 Loading SqlMap : F:\CodeDataCheck\PerDataConvert\AgDataHandle.Web\bin\Debug\net6.0\Data\FileStorage\FileStorageSqlmap.xml
[5] 2023-11-28 14:08:15 Loaded (AgDataHandle.Domain.FileStorageService) Successfully.
[11] 2023-11-28 14:08:15 Watch file (AgDataHandle.Domain.FileStorageService) changed at :F:\CodeDataCheck\PerDataConvert\AgDataHandle.Web\bin\Debug\net6.0\Data\FileStorage\FileStorageSqlMapColumn.xml
[11] 2023-11-28 14:08:15 Watch file (AgDataHandle.Domain.FileStorageService) changed at :F:\CodeDataCheck\PerDataConvert\AgDataHandle.Web\bin\Debug\net6.0\Data\FileStorage\FileStorageSqlmap.xml
[11] 2023-11-28 14:08:15 Watch sqlmap files finished .
[5] 2023-11-28 14:08:15 初始化AutoMigrateHelper完成
[5] 2023-11-28 14:08:15 开始AutoMigrate...
[5] 2023-11-28 14:08:15 AutoMigrate：A_File_Storage
[5] 2023-11-28 14:08:15 AutoMigrate完成 - 2023/11/28 14:08:15
[1] 2023-11-28 14:08:52 Bootstrapper Starting: 
[1] 2023-11-28 14:08:52 App:AgDataHandle.Web
Description:
Version:1.0.0.0
Company:AgDataHandle.Web
Copyright:
StartTime:2023/11/28 14:08:52
Location:F:\CodeDataCheck\PerDataConvert\AgDataHandle.Web\bin\Debug\net6.0
MachineName:DESKTOP-R92DDN7

[1] 2023-11-28 14:08:52 Environment: 
[1] 2023-11-28 14:08:52 Environment name: dev
[1] 2023-11-28 14:08:52 Environment IsProd: False
[1] 2023-11-28 14:08:52 Environment IsQa: False
[1] 2023-11-28 14:08:52 Environment IsDev: True
[1] 2023-11-28 14:08:52 Execute Starter: ServiceCenter.Core.Aop.Default.DefaultObjectContainerStarter
[1] 2023-11-28 14:08:52 Create Default Dependency Injection Container...
[1] 2023-11-28 14:08:52 Assign Object Container: ServiceCenter.Core.Aop.Default.DefaultObjectContainer
[1] 2023-11-28 14:08:52 Completed Starter: ServiceCenter.Core.Aop.Default.DefaultObjectContainerStarter, Time: 0 ms
[1] 2023-11-28 14:08:52 Execute Starter: ServiceCenter.Core.Config.DefaultConfigStarter
[1] 2023-11-28 14:08:52 Completed Starter: ServiceCenter.Core.Config.DefaultConfigStarter, Time: 1 ms
[1] 2023-11-28 14:08:52 Execute Starter: ServiceCenter.Core.Caching.Configuration.RuntimeCacheStarter
[1] 2023-11-28 14:08:52 Add Runtime Cache Provider...
[1] 2023-11-28 14:08:52 Completed Starter: ServiceCenter.Core.Caching.Configuration.RuntimeCacheStarter, Time: 3 ms
[1] 2023-11-28 14:08:52 Execute Starter: ServiceCenter.Core.IdGenerate.SnowflakeIdStringCreatorStarter
[1] 2023-11-28 14:08:52 IdGenerateManager Register ServiceCenter.Core.IdGenerate.SnowflakeIdStringCreator as IIdCreator[STRING]. 
[1] 2023-11-28 14:08:52 Completed Starter: ServiceCenter.Core.IdGenerate.SnowflakeIdStringCreatorStarter, Time: 4 ms
[1] 2023-11-28 14:08:52 Execute Starter: ServiceCenter.Core.IdGenerate.TimestampIdLongCreatorStarter
[1] 2023-11-28 14:08:52 IdGenerateManager Register ServiceCenter.Core.IdGenerate.TimestampIdLongCreator as IIdCreator[LONG]. 
[1] 2023-11-28 14:08:52 Completed Starter: ServiceCenter.Core.IdGenerate.TimestampIdLongCreatorStarter, Time: 0 ms
[1] 2023-11-28 14:08:52 Execute Starter: ServiceCenter.Core.Data.DbContextStarter
[1] 2023-11-28 14:08:52 Load DbContext : AgDataHandle.Domain.FILEDbContext
[1] 2023-11-28 14:08:52 Registered DbContext:AgDataHandle.Domain.FILEDbContext(Singleton)
[1] 2023-11-28 14:08:52 Registered ApplicationService:AgDataHandle.Domain.FileStorageService(Transient)
[1] 2023-11-28 14:08:52 Registered Repository:ServiceCenter.Core.Data.IRepositoryNoPK`2[AgDataHandle.Domain.FILEDbContext,AgDataHandle.Domain.FileStorageEntity]  to ServiceCenter.Core.Data.PDRepositoryBaseCustom`2[AgDataHandle.Domain.FILEDbContext,AgDataHandle.Domain.FileStorageEntity](Transient)
[1] 2023-11-28 14:08:52 Completed Starter: ServiceCenter.Core.Data.DbContextStarter, Time: 9 ms
[3] 2023-11-28 14:08:53 LocalDatabaseConfigLoader Load: F:\CodeDataCheck\PerDataConvert\AgDataHandle.Web\bin\Debug\net6.0\FILEDbContext.xml Starting
[3] 2023-11-28 14:08:53 Load DatabaseConfig Successfully : F:\CodeDataCheck\PerDataConvert\AgDataHandle.Web\bin\Debug\net6.0\FILEDbContext.xml 
[3] 2023-11-28 14:08:53 
 _____                 _____ _             _    
|  __ \               / ____| |           | |   
| |__) |   _ _ __ ___| (___ | |_ __ _  ___| | __
|  ___/ | | | '__/ _ \\___ \| __/ _` |/ __| |/ /
| |   | |_| | | |  __/____) | || (_| | (__|   < 
|_|    \__,_|_|  \___|_____/ \__\__,_|\___|_|\_\

## Pure Data ##                         (v5.0.1.RELEASE)
                    

---------------------------DatabaseConfig---------------------------
ParameterPrefix=#{ 
ParameterSuffix=}  
GlobalTablePrefix=  
ExecuteTimeout=30
DefaultPageSize=10
AutoDisposeConnection=True
ValidateStopOnFirstFailure=False
LoadMapperMode=FluentMapper
EnableLobConverter=False
LobConverterClassName=
BulkOperateClassName=
EnableDefaultPropertySecurityValidate=False
PropertySecurityValidateClassName=

EnableDebug=True
EnableIntercept=True
EnableLogError=True
EnableOrmLog=True
LogWithRawSql=True
CategoryLogType=False
OrmLogsPath=F:\CodeDataCheck\PerDataConvert\AgDataHandle.Web\logs
MaxServerLogSize=12000

EnableOrmCache=False
CacheOrmTime=60
CacheOrmSingleTime=60
OrmCacheCheckPeriod=5

EnableSqlMap=True
NameSpacePrefix=AgDataHandle.Domain.
CanUpdatedWhenTableExisted=True
FormatSql=True
IsWatchSqlMapFile=True
WatchSqlMapInterval=3000
SqlMapDirPaths=Data
SqlMapFilePaths=

AutoMigrate=True
AutoRemoveUnuseColumnInTable=True
EnableAutoMigrateLog=False
EnableAutoMigrateDebug=True
AutoMigrateOnContainTable=
AutoMigrateWithoutTable=
EnableGlobalIgnoreUpdatedColumns=True
AutoFilterEmptyValueColumnsWhenTrack=True
GlobalIgnoreUpdatedColumns=Id;Version;VersionRefId;CreateTime;CreateUser;CreateUserID

Interceptors=Pure.Data.ConnectionTestIntercept;Pure.Data.OutputSQLIntercept;Pure.Data.OutputExceptionIntercept
MappingAssemblies=AgDataHandle.Domain, Version=1.0.0.0, Culture=neutral, PublicKeyToken=null
DataSources=WriteDB_Write_1
OutputAction=Pure.Data.OutputActionDelegate
DbConnectionInit=
---------------------------Finish Loading DatabaseConfig---------------------------
[3] 2023-11-28 14:08:53 Loading SqlMap Directory: F:\CodeDataCheck\PerDataConvert\AgDataHandle.Web\bin\Debug\net6.0\Data
[3] 2023-11-28 14:08:53 Loading SqlMap : F:\CodeDataCheck\PerDataConvert\AgDataHandle.Web\bin\Debug\net6.0\Data\FileStorage\FileStorageSqlMapColumn.xml
[3] 2023-11-28 14:08:53 Loaded (AgDataHandle.Domain.FileStorageService) Successfully.
[3] 2023-11-28 14:08:53 Loading SqlMap : F:\CodeDataCheck\PerDataConvert\AgDataHandle.Web\bin\Debug\net6.0\Data\FileStorage\FileStorageSqlmap.xml
[3] 2023-11-28 14:08:53 Loaded (AgDataHandle.Domain.FileStorageService) Successfully.
[14] 2023-11-28 14:08:53 Watch file (AgDataHandle.Domain.FileStorageService) changed at :F:\CodeDataCheck\PerDataConvert\AgDataHandle.Web\bin\Debug\net6.0\Data\FileStorage\FileStorageSqlMapColumn.xml
[14] 2023-11-28 14:08:53 Watch file (AgDataHandle.Domain.FileStorageService) changed at :F:\CodeDataCheck\PerDataConvert\AgDataHandle.Web\bin\Debug\net6.0\Data\FileStorage\FileStorageSqlmap.xml
[14] 2023-11-28 14:08:53 Watch sqlmap files finished .
[3] 2023-11-28 14:08:53 初始化AutoMigrateHelper完成
[3] 2023-11-28 14:08:53 开始AutoMigrate...
[3] 2023-11-28 14:08:53 AutoMigrate：A_File_Storage
[3] 2023-11-28 14:08:53 AutoMigrate完成 - 2023/11/28 14:08:53
[1] 2023-11-28 14:14:41 Bootstrapper Starting: 
[1] 2023-11-28 14:14:41 App:AgDataHandle.Web
Description:
Version:1.0.0.0
Company:AgDataHandle.Web
Copyright:
StartTime:2023/11/28 14:14:41
Location:F:\CodeDataCheck\PerDataConvert\AgDataHandle.Web\bin\Debug\net6.0
MachineName:DESKTOP-R92DDN7

[1] 2023-11-28 14:14:41 Environment: 
[1] 2023-11-28 14:14:41 Environment name: dev
[1] 2023-11-28 14:14:41 Environment IsProd: False
[1] 2023-11-28 14:14:41 Environment IsQa: False
[1] 2023-11-28 14:14:41 Environment IsDev: True
[1] 2023-11-28 14:14:41 Execute Starter: ServiceCenter.Core.Aop.Default.DefaultObjectContainerStarter
[1] 2023-11-28 14:14:41 Create Default Dependency Injection Container...
[1] 2023-11-28 14:14:41 Assign Object Container: ServiceCenter.Core.Aop.Default.DefaultObjectContainer
[1] 2023-11-28 14:14:41 Completed Starter: ServiceCenter.Core.Aop.Default.DefaultObjectContainerStarter, Time: 0 ms
[1] 2023-11-28 14:14:41 Execute Starter: ServiceCenter.Core.Config.DefaultConfigStarter
[1] 2023-11-28 14:14:41 Completed Starter: ServiceCenter.Core.Config.DefaultConfigStarter, Time: 0 ms
[1] 2023-11-28 14:14:41 Execute Starter: ServiceCenter.Core.Caching.Configuration.RuntimeCacheStarter
[1] 2023-11-28 14:14:41 Add Runtime Cache Provider...
[1] 2023-11-28 14:14:41 Completed Starter: ServiceCenter.Core.Caching.Configuration.RuntimeCacheStarter, Time: 2 ms
[1] 2023-11-28 14:14:41 Execute Starter: ServiceCenter.Core.IdGenerate.SnowflakeIdStringCreatorStarter
[1] 2023-11-28 14:14:41 IdGenerateManager Register ServiceCenter.Core.IdGenerate.SnowflakeIdStringCreator as IIdCreator[STRING]. 
[1] 2023-11-28 14:14:41 Completed Starter: ServiceCenter.Core.IdGenerate.SnowflakeIdStringCreatorStarter, Time: 5 ms
[1] 2023-11-28 14:14:41 Execute Starter: ServiceCenter.Core.IdGenerate.TimestampIdLongCreatorStarter
[1] 2023-11-28 14:14:41 IdGenerateManager Register ServiceCenter.Core.IdGenerate.TimestampIdLongCreator as IIdCreator[LONG]. 
[1] 2023-11-28 14:14:41 Completed Starter: ServiceCenter.Core.IdGenerate.TimestampIdLongCreatorStarter, Time: 0 ms
[1] 2023-11-28 14:14:41 Execute Starter: ServiceCenter.Core.Data.DbContextStarter
[1] 2023-11-28 14:14:41 Load DbContext : AgDataHandle.Domain.FILEDbContext
[1] 2023-11-28 14:14:41 Registered DbContext:AgDataHandle.Domain.FILEDbContext(Singleton)
[1] 2023-11-28 14:14:41 Registered ApplicationService:AgDataHandle.Domain.FileStorageService(Transient)
[1] 2023-11-28 14:14:41 Registered Repository:ServiceCenter.Core.Data.IRepositoryNoPK`2[AgDataHandle.Domain.FILEDbContext,AgDataHandle.Domain.FileStorageEntity]  to ServiceCenter.Core.Data.PDRepositoryBaseCustom`2[AgDataHandle.Domain.FILEDbContext,AgDataHandle.Domain.FileStorageEntity](Transient)
[1] 2023-11-28 14:14:41 Completed Starter: ServiceCenter.Core.Data.DbContextStarter, Time: 7 ms
[3] 2023-11-28 14:14:41 LocalDatabaseConfigLoader Load: F:\CodeDataCheck\PerDataConvert\AgDataHandle.Web\bin\Debug\net6.0\FILEDbContext.xml Starting
[3] 2023-11-28 14:14:41 Load DatabaseConfig Successfully : F:\CodeDataCheck\PerDataConvert\AgDataHandle.Web\bin\Debug\net6.0\FILEDbContext.xml 
[3] 2023-11-28 14:14:42 
 _____                 _____ _             _    
|  __ \               / ____| |           | |   
| |__) |   _ _ __ ___| (___ | |_ __ _  ___| | __
|  ___/ | | | '__/ _ \\___ \| __/ _` |/ __| |/ /
| |   | |_| | | |  __/____) | || (_| | (__|   < 
|_|    \__,_|_|  \___|_____/ \__\__,_|\___|_|\_\

## Pure Data ##                         (v5.0.1.RELEASE)
                    

---------------------------DatabaseConfig---------------------------
ParameterPrefix=#{ 
ParameterSuffix=}  
GlobalTablePrefix=  
ExecuteTimeout=30
DefaultPageSize=10
AutoDisposeConnection=True
ValidateStopOnFirstFailure=False
LoadMapperMode=FluentMapper
EnableLobConverter=False
LobConverterClassName=
BulkOperateClassName=
EnableDefaultPropertySecurityValidate=False
PropertySecurityValidateClassName=

EnableDebug=True
EnableIntercept=True
EnableLogError=True
EnableOrmLog=True
LogWithRawSql=True
CategoryLogType=False
OrmLogsPath=F:\CodeDataCheck\PerDataConvert\AgDataHandle.Web\logs
MaxServerLogSize=12000

EnableOrmCache=False
CacheOrmTime=60
CacheOrmSingleTime=60
OrmCacheCheckPeriod=5

EnableSqlMap=True
NameSpacePrefix=AgDataHandle.Domain.
CanUpdatedWhenTableExisted=True
FormatSql=True
IsWatchSqlMapFile=True
WatchSqlMapInterval=3000
SqlMapDirPaths=Data
SqlMapFilePaths=

AutoMigrate=True
AutoRemoveUnuseColumnInTable=True
EnableAutoMigrateLog=False
EnableAutoMigrateDebug=True
AutoMigrateOnContainTable=
AutoMigrateWithoutTable=
EnableGlobalIgnoreUpdatedColumns=True
AutoFilterEmptyValueColumnsWhenTrack=True
GlobalIgnoreUpdatedColumns=Id;Version;VersionRefId;CreateTime;CreateUser;CreateUserID

Interceptors=Pure.Data.ConnectionTestIntercept;Pure.Data.OutputSQLIntercept;Pure.Data.OutputExceptionIntercept
MappingAssemblies=AgDataHandle.Domain, Version=1.0.0.0, Culture=neutral, PublicKeyToken=null
DataSources=WriteDB_Write_1
OutputAction=Pure.Data.OutputActionDelegate
DbConnectionInit=
---------------------------Finish Loading DatabaseConfig---------------------------
[3] 2023-11-28 14:14:42 Loading SqlMap Directory: F:\CodeDataCheck\PerDataConvert\AgDataHandle.Web\bin\Debug\net6.0\Data
[3] 2023-11-28 14:14:42 Loading SqlMap : F:\CodeDataCheck\PerDataConvert\AgDataHandle.Web\bin\Debug\net6.0\Data\FileStorage\FileStorageSqlMapColumn.xml
[3] 2023-11-28 14:14:42 Loaded (AgDataHandle.Domain.FileStorageService) Successfully.
[3] 2023-11-28 14:14:42 Loading SqlMap : F:\CodeDataCheck\PerDataConvert\AgDataHandle.Web\bin\Debug\net6.0\Data\FileStorage\FileStorageSqlmap.xml
[3] 2023-11-28 14:14:42 Loaded (AgDataHandle.Domain.FileStorageService) Successfully.
[5] 2023-11-28 14:14:42 Watch file (AgDataHandle.Domain.FileStorageService) changed at :F:\CodeDataCheck\PerDataConvert\AgDataHandle.Web\bin\Debug\net6.0\Data\FileStorage\FileStorageSqlMapColumn.xml
[5] 2023-11-28 14:14:42 Watch file (AgDataHandle.Domain.FileStorageService) changed at :F:\CodeDataCheck\PerDataConvert\AgDataHandle.Web\bin\Debug\net6.0\Data\FileStorage\FileStorageSqlmap.xml
[5] 2023-11-28 14:14:42 Watch sqlmap files finished .
[3] 2023-11-28 14:14:42 初始化AutoMigrateHelper完成
[3] 2023-11-28 14:14:42 开始AutoMigrate...
[3] 2023-11-28 14:14:42 AutoMigrate：A_File_Storage
[3] 2023-11-28 14:14:42 AutoMigrate完成 - 2023/11/28 14:14:42
[1] 2023-11-28 14:17:12 Bootstrapper Starting: 
[1] 2023-11-28 14:17:12 App:AgDataHandle.Web
Description:
Version:1.0.0.0
Company:AgDataHandle.Web
Copyright:
StartTime:2023/11/28 14:17:11
Location:F:\CodeDataCheck\PerDataConvert\AgDataHandle.Web\bin\Debug\net6.0
MachineName:DESKTOP-R92DDN7

[1] 2023-11-28 14:17:12 Environment: 
[1] 2023-11-28 14:17:12 Environment name: dev
[1] 2023-11-28 14:17:12 Environment IsProd: False
[1] 2023-11-28 14:17:12 Environment IsQa: False
[1] 2023-11-28 14:17:12 Environment IsDev: True
[1] 2023-11-28 14:17:12 Execute Starter: ServiceCenter.Core.Aop.Default.DefaultObjectContainerStarter
[1] 2023-11-28 14:17:12 Create Default Dependency Injection Container...
[1] 2023-11-28 14:17:12 Assign Object Container: ServiceCenter.Core.Aop.Default.DefaultObjectContainer
[1] 2023-11-28 14:17:12 Completed Starter: ServiceCenter.Core.Aop.Default.DefaultObjectContainerStarter, Time: 0 ms
[1] 2023-11-28 14:17:12 Execute Starter: ServiceCenter.Core.Config.DefaultConfigStarter
[1] 2023-11-28 14:17:12 Completed Starter: ServiceCenter.Core.Config.DefaultConfigStarter, Time: 0 ms
[1] 2023-11-28 14:17:12 Execute Starter: ServiceCenter.Core.Caching.Configuration.RuntimeCacheStarter
[1] 2023-11-28 14:17:12 Add Runtime Cache Provider...
[1] 2023-11-28 14:17:12 Completed Starter: ServiceCenter.Core.Caching.Configuration.RuntimeCacheStarter, Time: 2 ms
[1] 2023-11-28 14:17:12 Execute Starter: ServiceCenter.Core.IdGenerate.SnowflakeIdStringCreatorStarter
[1] 2023-11-28 14:17:12 IdGenerateManager Register ServiceCenter.Core.IdGenerate.SnowflakeIdStringCreator as IIdCreator[STRING]. 
[1] 2023-11-28 14:17:12 Completed Starter: ServiceCenter.Core.IdGenerate.SnowflakeIdStringCreatorStarter, Time: 3 ms
[1] 2023-11-28 14:17:12 Execute Starter: ServiceCenter.Core.IdGenerate.TimestampIdLongCreatorStarter
[1] 2023-11-28 14:17:12 IdGenerateManager Register ServiceCenter.Core.IdGenerate.TimestampIdLongCreator as IIdCreator[LONG]. 
[1] 2023-11-28 14:17:12 Completed Starter: ServiceCenter.Core.IdGenerate.TimestampIdLongCreatorStarter, Time: 0 ms
[1] 2023-11-28 14:17:12 Execute Starter: ServiceCenter.Core.Data.DbContextStarter
[1] 2023-11-28 14:17:12 Load DbContext : AgDataHandle.Domain.FILEDbContext
[1] 2023-11-28 14:17:12 Registered DbContext:AgDataHandle.Domain.FILEDbContext(Singleton)
[1] 2023-11-28 14:17:12 Registered ApplicationService:AgDataHandle.Domain.FileStorageService(Transient)
[1] 2023-11-28 14:17:12 Registered Repository:ServiceCenter.Core.Data.IRepositoryNoPK`2[AgDataHandle.Domain.FILEDbContext,AgDataHandle.Domain.FileStorageEntity]  to ServiceCenter.Core.Data.PDRepositoryBaseCustom`2[AgDataHandle.Domain.FILEDbContext,AgDataHandle.Domain.FileStorageEntity](Transient)
[1] 2023-11-28 14:17:12 Completed Starter: ServiceCenter.Core.Data.DbContextStarter, Time: 4 ms
[7] 2023-11-28 14:17:12 LocalDatabaseConfigLoader Load: F:\CodeDataCheck\PerDataConvert\AgDataHandle.Web\bin\Debug\net6.0\FILEDbContext.xml Starting
[7] 2023-11-28 14:17:12 Load DatabaseConfig Successfully : F:\CodeDataCheck\PerDataConvert\AgDataHandle.Web\bin\Debug\net6.0\FILEDbContext.xml 
[7] 2023-11-28 14:17:12 
 _____                 _____ _             _    
|  __ \               / ____| |           | |   
| |__) |   _ _ __ ___| (___ | |_ __ _  ___| | __
|  ___/ | | | '__/ _ \\___ \| __/ _` |/ __| |/ /
| |   | |_| | | |  __/____) | || (_| | (__|   < 
|_|    \__,_|_|  \___|_____/ \__\__,_|\___|_|\_\

## Pure Data ##                         (v5.0.1.RELEASE)
                    

---------------------------DatabaseConfig---------------------------
ParameterPrefix=#{ 
ParameterSuffix=}  
GlobalTablePrefix=  
ExecuteTimeout=30
DefaultPageSize=10
AutoDisposeConnection=True
ValidateStopOnFirstFailure=False
LoadMapperMode=FluentMapper
EnableLobConverter=False
LobConverterClassName=
BulkOperateClassName=
EnableDefaultPropertySecurityValidate=False
PropertySecurityValidateClassName=

EnableDebug=True
EnableIntercept=True
EnableLogError=True
EnableOrmLog=True
LogWithRawSql=True
CategoryLogType=False
OrmLogsPath=F:\CodeDataCheck\PerDataConvert\AgDataHandle.Web\logs
MaxServerLogSize=12000

EnableOrmCache=False
CacheOrmTime=60
CacheOrmSingleTime=60
OrmCacheCheckPeriod=5

EnableSqlMap=True
NameSpacePrefix=AgDataHandle.Domain.
CanUpdatedWhenTableExisted=True
FormatSql=True
IsWatchSqlMapFile=True
WatchSqlMapInterval=3000
SqlMapDirPaths=Data
SqlMapFilePaths=

AutoMigrate=True
AutoRemoveUnuseColumnInTable=True
EnableAutoMigrateLog=False
EnableAutoMigrateDebug=True
AutoMigrateOnContainTable=
AutoMigrateWithoutTable=
EnableGlobalIgnoreUpdatedColumns=True
AutoFilterEmptyValueColumnsWhenTrack=True
GlobalIgnoreUpdatedColumns=Id;Version;VersionRefId;CreateTime;CreateUser;CreateUserID

Interceptors=Pure.Data.ConnectionTestIntercept;Pure.Data.OutputSQLIntercept;Pure.Data.OutputExceptionIntercept
MappingAssemblies=AgDataHandle.Domain, Version=1.0.0.0, Culture=neutral, PublicKeyToken=null
DataSources=WriteDB_Write_1
OutputAction=Pure.Data.OutputActionDelegate
DbConnectionInit=
---------------------------Finish Loading DatabaseConfig---------------------------
[7] 2023-11-28 14:17:12 Loading SqlMap Directory: F:\CodeDataCheck\PerDataConvert\AgDataHandle.Web\bin\Debug\net6.0\Data
[7] 2023-11-28 14:17:12 Loading SqlMap : F:\CodeDataCheck\PerDataConvert\AgDataHandle.Web\bin\Debug\net6.0\Data\FileStorage\FileStorageSqlMapColumn.xml
[7] 2023-11-28 14:17:12 Loaded (AgDataHandle.Domain.FileStorageService) Successfully.
[7] 2023-11-28 14:17:12 Loading SqlMap : F:\CodeDataCheck\PerDataConvert\AgDataHandle.Web\bin\Debug\net6.0\Data\FileStorage\FileStorageSqlmap.xml
[7] 2023-11-28 14:17:12 Loaded (AgDataHandle.Domain.FileStorageService) Successfully.
[4] 2023-11-28 14:17:12 Watch file (AgDataHandle.Domain.FileStorageService) changed at :F:\CodeDataCheck\PerDataConvert\AgDataHandle.Web\bin\Debug\net6.0\Data\FileStorage\FileStorageSqlMapColumn.xml
[4] 2023-11-28 14:17:12 Watch file (AgDataHandle.Domain.FileStorageService) changed at :F:\CodeDataCheck\PerDataConvert\AgDataHandle.Web\bin\Debug\net6.0\Data\FileStorage\FileStorageSqlmap.xml
[4] 2023-11-28 14:17:12 Watch sqlmap files finished .
[7] 2023-11-28 14:17:12 初始化AutoMigrateHelper完成
[7] 2023-11-28 14:17:12 开始AutoMigrate...
[7] 2023-11-28 14:17:12 AutoMigrate：A_File_Storage
[7] 2023-11-28 14:17:12 AutoMigrate完成 - 2023/11/28 14:17:12
