[1] 2023-10-18 15:02:16 Bootstrapper Starting: 
[1] 2023-10-18 15:02:16 App:AGSpatialDataCheck.Web
Description:
Version:1.0.0.0
Company:AGSpatialDataCheck.Web
Copyright:
StartTime:2023/10/18 15:02:16
Location:F:\gitStudio\AGSpatialDataCheck\AGSpatialDataCheck.Web\bin\Debug\net6.0
MachineName:DESKTOP-R92DDN7

[1] 2023-10-18 15:02:16 Environment: 
[1] 2023-10-18 15:02:16 Environment name: dev
[1] 2023-10-18 15:02:16 Environment IsProd: False
[1] 2023-10-18 15:02:16 Environment IsQa: False
[1] 2023-10-18 15:02:16 Environment IsDev: True
[1] 2023-10-18 15:02:16 Execute Starter: ServiceCenter.Core.Aop.Default.DefaultObjectContainerStarter
[1] 2023-10-18 15:02:16 Create Default Dependency Injection Container...
[1] 2023-10-18 15:02:16 Assign Object Container: ServiceCenter.Core.Aop.Default.DefaultObjectContainer
[1] 2023-10-18 15:02:16 Completed Starter: ServiceCenter.Core.Aop.Default.DefaultObjectContainerStarter, Time: 0 ms
[1] 2023-10-18 15:02:16 Execute Starter: ServiceCenter.Core.Config.DefaultConfigStarter
[1] 2023-10-18 15:02:16 Completed Starter: ServiceCenter.Core.Config.DefaultConfigStarter, Time: 1 ms
[1] 2023-10-18 15:02:16 Execute Starter: ServiceCenter.Core.Caching.Configuration.RuntimeCacheStarter
[1] 2023-10-18 15:02:16 Add Runtime Cache Provider...
[1] 2023-10-18 15:02:16 Completed Starter: ServiceCenter.Core.Caching.Configuration.RuntimeCacheStarter, Time: 4 ms
[1] 2023-10-18 15:02:16 Execute Starter: ServiceCenter.Core.IdGenerate.SnowflakeIdStringCreatorStarter
[1] 2023-10-18 15:02:16 IdGenerateManager Register ServiceCenter.Core.IdGenerate.SnowflakeIdStringCreator as IIdCreator[STRING]. 
[1] 2023-10-18 15:02:16 Completed Starter: ServiceCenter.Core.IdGenerate.SnowflakeIdStringCreatorStarter, Time: 5 ms
[1] 2023-10-18 15:02:16 Execute Starter: ServiceCenter.Core.IdGenerate.TimestampIdLongCreatorStarter
[1] 2023-10-18 15:02:16 IdGenerateManager Register ServiceCenter.Core.IdGenerate.TimestampIdLongCreator as IIdCreator[LONG]. 
[1] 2023-10-18 15:02:16 Completed Starter: ServiceCenter.Core.IdGenerate.TimestampIdLongCreatorStarter, Time: 0 ms
[1] 2023-10-18 15:02:16 Execute Starter: ServiceCenter.Core.Data.DbContextStarter
[1] 2023-10-18 15:02:16 Load DbContext : AGSpatialDataCheck.Domain.SqliteDbContext
[1] 2023-10-18 15:02:16 Registered DbContext:AGSpatialDataCheck.Domain.SqliteDbContext(Singleton)
[1] 2023-10-18 15:02:16 Registered ApplicationService:AGSpatialDataCheck.Domain.FileStorageService(Transient)
[1] 2023-10-18 15:02:16 Registered Repository:ServiceCenter.Core.Data.IRepositoryNoPK`2[AGSpatialDataCheck.Domain.SqliteDbContext,AGSpatialDataCheck.Domain.FileStorageEntity]  to ServiceCenter.Core.Data.PDRepositoryBaseCustom`2[AGSpatialDataCheck.Domain.SqliteDbContext,AGSpatialDataCheck.Domain.FileStorageEntity](Transient)
[1] 2023-10-18 15:02:16 Registered ApplicationService:AGSpatialDataCheck.Domain.RuleService(Transient)
[1] 2023-10-18 15:02:16 Registered Repository:ServiceCenter.Core.Data.IRepositoryNoPK`2[AGSpatialDataCheck.Domain.SqliteDbContext,AGSpatialDataCheck.Domain.RuleEntity]  to ServiceCenter.Core.Data.PDRepositoryBaseCustom`2[AGSpatialDataCheck.Domain.SqliteDbContext,AGSpatialDataCheck.Domain.RuleEntity](Transient)
[1] 2023-10-18 15:02:16 Registered ApplicationService:AGSpatialDataCheck.Domain.SchemeRuleService(Transient)
[1] 2023-10-18 15:02:16 Registered Repository:ServiceCenter.Core.Data.IRepositoryNoPK`2[AGSpatialDataCheck.Domain.SqliteDbContext,AGSpatialDataCheck.Domain.SchemeRuleEntity]  to ServiceCenter.Core.Data.PDRepositoryBaseCustom`2[AGSpatialDataCheck.Domain.SqliteDbContext,AGSpatialDataCheck.Domain.SchemeRuleEntity](Transient)
[1] 2023-10-18 15:02:16 Registered ApplicationService:AGSpatialDataCheck.Domain.SchemeService(Transient)
[1] 2023-10-18 15:02:16 Registered Repository:ServiceCenter.Core.Data.IRepositoryNoPK`2[AGSpatialDataCheck.Domain.SqliteDbContext,AGSpatialDataCheck.Domain.SchemeEntity]  to ServiceCenter.Core.Data.PDRepositoryBaseCustom`2[AGSpatialDataCheck.Domain.SqliteDbContext,AGSpatialDataCheck.Domain.SchemeEntity](Transient)
[1] 2023-10-18 15:02:16 Completed Starter: ServiceCenter.Core.Data.DbContextStarter, Time: 11 ms
[5] 2023-10-18 15:02:21 LocalDatabaseConfigLoader Load: F:\gitStudio\AGSpatialDataCheck\AGSpatialDataCheck.Web\bin\Debug\net6.0\SqliteDbContext.xml Starting
[5] 2023-10-18 15:02:22 Load DatabaseConfig Successfully : F:\gitStudio\AGSpatialDataCheck\AGSpatialDataCheck.Web\bin\Debug\net6.0\SqliteDbContext.xml 
[5] 2023-10-18 15:02:22 
 _____                 _____ _             _    
|  __ \               / ____| |           | |   
| |__) |   _ _ __ ___| (___ | |_ __ _  ___| | __
|  ___/ | | | '__/ _ \\___ \| __/ _` |/ __| |/ /
| |   | |_| | | |  __/____) | || (_| | (__|   < 
|_|    \__,_|_|  \___|_____/ \__\__,_|\___|_|\_\

## Pure Data ##                         (v5.0.1.RELEASE)
                    

---------------------------DatabaseConfig---------------------------
ParameterPrefix=#{ 
ParameterSuffix=}  
GlobalTablePrefix=  
ExecuteTimeout=30
DefaultPageSize=10
AutoDisposeConnection=True
ValidateStopOnFirstFailure=False
LoadMapperMode=FluentMapper
EnableLobConverter=False
LobConverterClassName=
BulkOperateClassName=
EnableDefaultPropertySecurityValidate=False
PropertySecurityValidateClassName=

EnableDebug=True
EnableIntercept=True
EnableLogError=True
EnableOrmLog=True
LogWithRawSql=True
CategoryLogType=False
OrmLogsPath=F:\gitStudio\AGSpatialDataCheck\AGSpatialDataCheck.Web\logs
MaxServerLogSize=12000

EnableOrmCache=False
CacheOrmTime=60
CacheOrmSingleTime=60
OrmCacheCheckPeriod=5

EnableSqlMap=True
NameSpacePrefix=AGSpatialDataCheck.Domain.
CanUpdatedWhenTableExisted=True
FormatSql=True
IsWatchSqlMapFile=True
WatchSqlMapInterval=3000
SqlMapDirPaths=Data
SqlMapFilePaths=

AutoMigrate=True
AutoRemoveUnuseColumnInTable=True
EnableAutoMigrateLog=False
EnableAutoMigrateDebug=True
AutoMigrateOnContainTable=
AutoMigrateWithoutTable=
EnableGlobalIgnoreUpdatedColumns=True
AutoFilterEmptyValueColumnsWhenTrack=True
GlobalIgnoreUpdatedColumns=Id;Version;VersionRefId;CreateTime;CreateUser;CreateUserID

Interceptors=Pure.Data.ConnectionTestIntercept;Pure.Data.OutputSQLIntercept;Pure.Data.OutputExceptionIntercept
MappingAssemblies=AGSpatialDataCheck.Domain, Version=1.0.0.0, Culture=neutral, PublicKeyToken=null
DataSources=WriteDB_Write_1
OutputAction=Pure.Data.OutputActionDelegate
DbConnectionInit=
---------------------------Finish Loading DatabaseConfig---------------------------
[5] 2023-10-18 15:02:22 Loading SqlMap Directory: F:\gitStudio\AGSpatialDataCheck\AGSpatialDataCheck.Web\bin\Debug\net6.0\Data
[5] 2023-10-18 15:02:22 Loading SqlMap : F:\gitStudio\AGSpatialDataCheck\AGSpatialDataCheck.Web\bin\Debug\net6.0\Data\SchemeRule\SchemeRuleSqlMapColumn.xml
[5] 2023-10-18 15:02:22 Loaded (AGSpatialDataCheck.Domain.SchemeRuleService) Successfully.
[5] 2023-10-18 15:02:22 Loading SqlMap : F:\gitStudio\AGSpatialDataCheck\AGSpatialDataCheck.Web\bin\Debug\net6.0\Data\SchemeRule\SchemeRuleSqlmap.xml
[5] 2023-10-18 15:02:22 Loaded (AGSpatialDataCheck.Domain.SchemeRuleService) Successfully.
[5] 2023-10-18 15:02:22 Loading SqlMap : F:\gitStudio\AGSpatialDataCheck\AGSpatialDataCheck.Web\bin\Debug\net6.0\Data\Scheme\SchemeSqlMapColumn.xml
[5] 2023-10-18 15:02:22 Loaded (AGSpatialDataCheck.Domain.SchemeService) Successfully.
[5] 2023-10-18 15:02:22 Loading SqlMap : F:\gitStudio\AGSpatialDataCheck\AGSpatialDataCheck.Web\bin\Debug\net6.0\Data\Scheme\SchemeSqlmap.xml
[5] 2023-10-18 15:02:22 Loaded (AGSpatialDataCheck.Domain.SchemeService) Successfully.
[5] 2023-10-18 15:02:22 Loading SqlMap : F:\gitStudio\AGSpatialDataCheck\AGSpatialDataCheck.Web\bin\Debug\net6.0\Data\Rule\RuleSqlMapColumn.xml
[5] 2023-10-18 15:02:22 Loaded (AGSpatialDataCheck.Domain.RuleService) Successfully.
[5] 2023-10-18 15:02:22 Loading SqlMap : F:\gitStudio\AGSpatialDataCheck\AGSpatialDataCheck.Web\bin\Debug\net6.0\Data\Rule\RuleSqlmap.xml
[5] 2023-10-18 15:02:22 Loaded (AGSpatialDataCheck.Domain.RuleService) Successfully.
[5] 2023-10-18 15:02:22 Loading SqlMap : F:\gitStudio\AGSpatialDataCheck\AGSpatialDataCheck.Web\bin\Debug\net6.0\Data\FileStorage\FileStorageSqlMapColumn.xml
[5] 2023-10-18 15:02:22 Loaded (AGSpatialDataCheck.Domain.FileStorageService) Successfully.
[5] 2023-10-18 15:02:22 Loading SqlMap : F:\gitStudio\AGSpatialDataCheck\AGSpatialDataCheck.Web\bin\Debug\net6.0\Data\FileStorage\FileStorageSqlmap.xml
[5] 2023-10-18 15:02:22 Loaded (AGSpatialDataCheck.Domain.FileStorageService) Successfully.
[3] 2023-10-18 15:02:22 Watch file (AGSpatialDataCheck.Domain.SchemeRuleService) changed at :F:\gitStudio\AGSpatialDataCheck\AGSpatialDataCheck.Web\bin\Debug\net6.0\Data\SchemeRule\SchemeRuleSqlMapColumn.xml
[3] 2023-10-18 15:02:22 Watch file (AGSpatialDataCheck.Domain.SchemeRuleService) changed at :F:\gitStudio\AGSpatialDataCheck\AGSpatialDataCheck.Web\bin\Debug\net6.0\Data\SchemeRule\SchemeRuleSqlmap.xml
[3] 2023-10-18 15:02:22 Watch file (AGSpatialDataCheck.Domain.SchemeService) changed at :F:\gitStudio\AGSpatialDataCheck\AGSpatialDataCheck.Web\bin\Debug\net6.0\Data\Scheme\SchemeSqlMapColumn.xml
[3] 2023-10-18 15:02:22 Watch file (AGSpatialDataCheck.Domain.SchemeService) changed at :F:\gitStudio\AGSpatialDataCheck\AGSpatialDataCheck.Web\bin\Debug\net6.0\Data\Scheme\SchemeSqlmap.xml
[3] 2023-10-18 15:02:22 Watch file (AGSpatialDataCheck.Domain.RuleService) changed at :F:\gitStudio\AGSpatialDataCheck\AGSpatialDataCheck.Web\bin\Debug\net6.0\Data\Rule\RuleSqlMapColumn.xml
[3] 2023-10-18 15:02:22 Watch file (AGSpatialDataCheck.Domain.RuleService) changed at :F:\gitStudio\AGSpatialDataCheck\AGSpatialDataCheck.Web\bin\Debug\net6.0\Data\Rule\RuleSqlmap.xml
[3] 2023-10-18 15:02:22 Watch file (AGSpatialDataCheck.Domain.FileStorageService) changed at :F:\gitStudio\AGSpatialDataCheck\AGSpatialDataCheck.Web\bin\Debug\net6.0\Data\FileStorage\FileStorageSqlMapColumn.xml
[3] 2023-10-18 15:02:22 Watch file (AGSpatialDataCheck.Domain.FileStorageService) changed at :F:\gitStudio\AGSpatialDataCheck\AGSpatialDataCheck.Web\bin\Debug\net6.0\Data\FileStorage\FileStorageSqlmap.xml
[3] 2023-10-18 15:02:22 Watch sqlmap files finished .
[5] 2023-10-18 15:02:22 初始化AutoMigrateHelper完成
[5] 2023-10-18 15:02:22 开始AutoMigrate...
[5] 2023-10-18 15:02:22 CREATE TABLE a_rule (id TEXT  PRIMARY KEY, rule_name TEXT, rule_url TEXT, rule_error_tips TEXT, rule_type TEXT, description TEXT, is_topology INTEGER, weight INTEGER, status_code INTEGER, create_time TEXT, update_time TEXT)
[5] 2023-10-18 15:02:22 新增表【a_rule】成功
[5] 2023-10-18 15:02:22 AutoMigrate：a_rule
[5] 2023-10-18 15:02:22 CREATE TABLE a_scheme (id TEXT  PRIMARY KEY, scheme_name TEXT, status_code INTEGER, create_time TEXT, update_time TEXT)
[5] 2023-10-18 15:02:22 新增表【a_scheme】成功
[5] 2023-10-18 15:02:22 AutoMigrate：a_scheme
[5] 2023-10-18 15:02:22 CREATE TABLE A_File_Storage (id TEXT  PRIMARY KEY, filename TEXT, filepath TEXT, filesize INTEGER, fileextension TEXT, filetree TEXT, secret TEXT, statuscode INTEGER, createuser TEXT, createtime TEXT)
[5] 2023-10-18 15:02:22 新增表【A_File_Storage】成功
[5] 2023-10-18 15:02:22 AutoMigrate：A_File_Storage
[5] 2023-10-18 15:02:22 CREATE TABLE a_scheme_rule (id TEXT  PRIMARY KEY, scheme_name TEXT, scheme_id TEXT, rule_name TEXT, rule_id TEXT, layer_path TEXT, layer_type TEXT, layer_name TEXT, where_clause TEXT, back_field_names TEXT, unique_field_name TEXT, unique_field_cn TEXT, layer_path2 TEXT, layer_type2 TEXT, layer_name2 TEXT, where_clause2 TEXT, back_field_names2 TEXT, unique_field_name2 TEXT, unique_field_cn2 TEXT, error_desc TEXT, min_value REAL, max_value REAL, param_value TEXT, param_values TEXT, status_code INTEGER, create_time TEXT, update_time TEXT, ExtraData TEXT, ExtraData2 TEXT, FieldName TEXT, FieldCN TEXT, FieldName2 TEXT, FieldCN2 TEXT)
[5] 2023-10-18 15:02:22 新增表【a_scheme_rule】成功
[5] 2023-10-18 15:02:22 AutoMigrate：a_scheme_rule
[5] 2023-10-18 15:02:22 AutoMigrate完成 - 2023/10/18 15:02:22
[1] 2023-10-18 15:21:01 Bootstrapper Starting: 
[1] 2023-10-18 15:21:01 App:AGSpatialDataCheck.Web
Description:
Version:1.0.0.0
Company:AGSpatialDataCheck.Web
Copyright:
StartTime:2023/10/18 15:21:01
Location:F:\gitStudio\AGSpatialDataCheck\AGSpatialDataCheck.Web\bin\Debug\net6.0
MachineName:DESKTOP-R92DDN7

[1] 2023-10-18 15:21:01 Environment: 
[1] 2023-10-18 15:21:01 Environment name: dev
[1] 2023-10-18 15:21:01 Environment IsProd: False
[1] 2023-10-18 15:21:01 Environment IsQa: False
[1] 2023-10-18 15:21:01 Environment IsDev: True
[1] 2023-10-18 15:21:01 Execute Starter: ServiceCenter.Core.Aop.Default.DefaultObjectContainerStarter
[1] 2023-10-18 15:21:01 Create Default Dependency Injection Container...
[1] 2023-10-18 15:21:01 Assign Object Container: ServiceCenter.Core.Aop.Default.DefaultObjectContainer
[1] 2023-10-18 15:21:01 Completed Starter: ServiceCenter.Core.Aop.Default.DefaultObjectContainerStarter, Time: 0 ms
[1] 2023-10-18 15:21:01 Execute Starter: ServiceCenter.Core.Config.DefaultConfigStarter
[1] 2023-10-18 15:21:01 Completed Starter: ServiceCenter.Core.Config.DefaultConfigStarter, Time: 0 ms
[1] 2023-10-18 15:21:01 Execute Starter: ServiceCenter.Core.Caching.Configuration.RuntimeCacheStarter
[1] 2023-10-18 15:21:01 Add Runtime Cache Provider...
[1] 2023-10-18 15:21:01 Completed Starter: ServiceCenter.Core.Caching.Configuration.RuntimeCacheStarter, Time: 3 ms
[1] 2023-10-18 15:21:01 Execute Starter: ServiceCenter.Core.IdGenerate.SnowflakeIdStringCreatorStarter
[1] 2023-10-18 15:21:01 IdGenerateManager Register ServiceCenter.Core.IdGenerate.SnowflakeIdStringCreator as IIdCreator[STRING]. 
[1] 2023-10-18 15:21:01 Completed Starter: ServiceCenter.Core.IdGenerate.SnowflakeIdStringCreatorStarter, Time: 3 ms
[1] 2023-10-18 15:21:01 Execute Starter: ServiceCenter.Core.IdGenerate.TimestampIdLongCreatorStarter
[1] 2023-10-18 15:21:01 IdGenerateManager Register ServiceCenter.Core.IdGenerate.TimestampIdLongCreator as IIdCreator[LONG]. 
[1] 2023-10-18 15:21:01 Completed Starter: ServiceCenter.Core.IdGenerate.TimestampIdLongCreatorStarter, Time: 0 ms
[1] 2023-10-18 15:21:01 Execute Starter: ServiceCenter.Core.Data.DbContextStarter
[1] 2023-10-18 15:21:01 Load DbContext : AGSpatialDataCheck.Domain.SqliteDbContext
[1] 2023-10-18 15:21:01 Registered DbContext:AGSpatialDataCheck.Domain.SqliteDbContext(Singleton)
[1] 2023-10-18 15:21:01 Registered ApplicationService:AGSpatialDataCheck.Domain.FileStorageService(Transient)
[1] 2023-10-18 15:21:01 Registered Repository:ServiceCenter.Core.Data.IRepositoryNoPK`2[AGSpatialDataCheck.Domain.SqliteDbContext,AGSpatialDataCheck.Domain.FileStorageEntity]  to ServiceCenter.Core.Data.PDRepositoryBaseCustom`2[AGSpatialDataCheck.Domain.SqliteDbContext,AGSpatialDataCheck.Domain.FileStorageEntity](Transient)
[1] 2023-10-18 15:21:01 Registered ApplicationService:AGSpatialDataCheck.Domain.RuleService(Transient)
[1] 2023-10-18 15:21:01 Registered Repository:ServiceCenter.Core.Data.IRepositoryNoPK`2[AGSpatialDataCheck.Domain.SqliteDbContext,AGSpatialDataCheck.Domain.RuleEntity]  to ServiceCenter.Core.Data.PDRepositoryBaseCustom`2[AGSpatialDataCheck.Domain.SqliteDbContext,AGSpatialDataCheck.Domain.RuleEntity](Transient)
[1] 2023-10-18 15:21:01 Registered ApplicationService:AGSpatialDataCheck.Domain.SchemeRuleService(Transient)
[1] 2023-10-18 15:21:01 Registered Repository:ServiceCenter.Core.Data.IRepositoryNoPK`2[AGSpatialDataCheck.Domain.SqliteDbContext,AGSpatialDataCheck.Domain.SchemeRuleEntity]  to ServiceCenter.Core.Data.PDRepositoryBaseCustom`2[AGSpatialDataCheck.Domain.SqliteDbContext,AGSpatialDataCheck.Domain.SchemeRuleEntity](Transient)
[1] 2023-10-18 15:21:01 Registered ApplicationService:AGSpatialDataCheck.Domain.SchemeService(Transient)
[1] 2023-10-18 15:21:01 Registered Repository:ServiceCenter.Core.Data.IRepositoryNoPK`2[AGSpatialDataCheck.Domain.SqliteDbContext,AGSpatialDataCheck.Domain.SchemeEntity]  to ServiceCenter.Core.Data.PDRepositoryBaseCustom`2[AGSpatialDataCheck.Domain.SqliteDbContext,AGSpatialDataCheck.Domain.SchemeEntity](Transient)
[1] 2023-10-18 15:21:01 Completed Starter: ServiceCenter.Core.Data.DbContextStarter, Time: 8 ms
[5] 2023-10-18 15:21:02 LocalDatabaseConfigLoader Load: F:\gitStudio\AGSpatialDataCheck\AGSpatialDataCheck.Web\bin\Debug\net6.0\SqliteDbContext.xml Starting
[5] 2023-10-18 15:21:03 Load DatabaseConfig Successfully : F:\gitStudio\AGSpatialDataCheck\AGSpatialDataCheck.Web\bin\Debug\net6.0\SqliteDbContext.xml 
[5] 2023-10-18 15:21:03 
 _____                 _____ _             _    
|  __ \               / ____| |           | |   
| |__) |   _ _ __ ___| (___ | |_ __ _  ___| | __
|  ___/ | | | '__/ _ \\___ \| __/ _` |/ __| |/ /
| |   | |_| | | |  __/____) | || (_| | (__|   < 
|_|    \__,_|_|  \___|_____/ \__\__,_|\___|_|\_\

## Pure Data ##                         (v5.0.1.RELEASE)
                    

---------------------------DatabaseConfig---------------------------
ParameterPrefix=#{ 
ParameterSuffix=}  
GlobalTablePrefix=  
ExecuteTimeout=30
DefaultPageSize=10
AutoDisposeConnection=True
ValidateStopOnFirstFailure=False
LoadMapperMode=FluentMapper
EnableLobConverter=False
LobConverterClassName=
BulkOperateClassName=
EnableDefaultPropertySecurityValidate=False
PropertySecurityValidateClassName=

EnableDebug=True
EnableIntercept=True
EnableLogError=True
EnableOrmLog=True
LogWithRawSql=True
CategoryLogType=False
OrmLogsPath=F:\gitStudio\AGSpatialDataCheck\AGSpatialDataCheck.Web\logs
MaxServerLogSize=12000

EnableOrmCache=False
CacheOrmTime=60
CacheOrmSingleTime=60
OrmCacheCheckPeriod=5

EnableSqlMap=True
NameSpacePrefix=AGSpatialDataCheck.Domain.
CanUpdatedWhenTableExisted=True
FormatSql=True
IsWatchSqlMapFile=True
WatchSqlMapInterval=3000
SqlMapDirPaths=Data
SqlMapFilePaths=

AutoMigrate=True
AutoRemoveUnuseColumnInTable=True
EnableAutoMigrateLog=False
EnableAutoMigrateDebug=True
AutoMigrateOnContainTable=
AutoMigrateWithoutTable=
EnableGlobalIgnoreUpdatedColumns=True
AutoFilterEmptyValueColumnsWhenTrack=True
GlobalIgnoreUpdatedColumns=Id;Version;VersionRefId;CreateTime;CreateUser;CreateUserID

Interceptors=Pure.Data.ConnectionTestIntercept;Pure.Data.OutputSQLIntercept;Pure.Data.OutputExceptionIntercept
MappingAssemblies=AGSpatialDataCheck.Domain, Version=1.0.0.0, Culture=neutral, PublicKeyToken=null
DataSources=WriteDB_Write_1
OutputAction=Pure.Data.OutputActionDelegate
DbConnectionInit=
---------------------------Finish Loading DatabaseConfig---------------------------
[5] 2023-10-18 15:21:03 Loading SqlMap Directory: F:\gitStudio\AGSpatialDataCheck\AGSpatialDataCheck.Web\bin\Debug\net6.0\Data
[5] 2023-10-18 15:21:03 Loading SqlMap : F:\gitStudio\AGSpatialDataCheck\AGSpatialDataCheck.Web\bin\Debug\net6.0\Data\SchemeRule\SchemeRuleSqlMapColumn.xml
[5] 2023-10-18 15:21:03 Loaded (AGSpatialDataCheck.Domain.SchemeRuleService) Successfully.
[5] 2023-10-18 15:21:03 Loading SqlMap : F:\gitStudio\AGSpatialDataCheck\AGSpatialDataCheck.Web\bin\Debug\net6.0\Data\SchemeRule\SchemeRuleSqlmap.xml
[5] 2023-10-18 15:21:03 Loaded (AGSpatialDataCheck.Domain.SchemeRuleService) Successfully.
[5] 2023-10-18 15:21:03 Loading SqlMap : F:\gitStudio\AGSpatialDataCheck\AGSpatialDataCheck.Web\bin\Debug\net6.0\Data\Scheme\SchemeSqlMapColumn.xml
[5] 2023-10-18 15:21:03 Loaded (AGSpatialDataCheck.Domain.SchemeService) Successfully.
[5] 2023-10-18 15:21:03 Loading SqlMap : F:\gitStudio\AGSpatialDataCheck\AGSpatialDataCheck.Web\bin\Debug\net6.0\Data\Scheme\SchemeSqlmap.xml
[5] 2023-10-18 15:21:03 Loaded (AGSpatialDataCheck.Domain.SchemeService) Successfully.
[5] 2023-10-18 15:21:03 Loading SqlMap : F:\gitStudio\AGSpatialDataCheck\AGSpatialDataCheck.Web\bin\Debug\net6.0\Data\Rule\RuleSqlMapColumn.xml
[5] 2023-10-18 15:21:03 Loaded (AGSpatialDataCheck.Domain.RuleService) Successfully.
[5] 2023-10-18 15:21:03 Loading SqlMap : F:\gitStudio\AGSpatialDataCheck\AGSpatialDataCheck.Web\bin\Debug\net6.0\Data\Rule\RuleSqlmap.xml
[5] 2023-10-18 15:21:03 Loaded (AGSpatialDataCheck.Domain.RuleService) Successfully.
[5] 2023-10-18 15:21:03 Loading SqlMap : F:\gitStudio\AGSpatialDataCheck\AGSpatialDataCheck.Web\bin\Debug\net6.0\Data\FileStorage\FileStorageSqlMapColumn.xml
[5] 2023-10-18 15:21:03 Loaded (AGSpatialDataCheck.Domain.FileStorageService) Successfully.
[5] 2023-10-18 15:21:03 Loading SqlMap : F:\gitStudio\AGSpatialDataCheck\AGSpatialDataCheck.Web\bin\Debug\net6.0\Data\FileStorage\FileStorageSqlmap.xml
[5] 2023-10-18 15:21:03 Loaded (AGSpatialDataCheck.Domain.FileStorageService) Successfully.
[8] 2023-10-18 15:21:03 Watch file (AGSpatialDataCheck.Domain.SchemeRuleService) changed at :F:\gitStudio\AGSpatialDataCheck\AGSpatialDataCheck.Web\bin\Debug\net6.0\Data\SchemeRule\SchemeRuleSqlMapColumn.xml
[8] 2023-10-18 15:21:03 Watch file (AGSpatialDataCheck.Domain.SchemeRuleService) changed at :F:\gitStudio\AGSpatialDataCheck\AGSpatialDataCheck.Web\bin\Debug\net6.0\Data\SchemeRule\SchemeRuleSqlmap.xml
[8] 2023-10-18 15:21:03 Watch file (AGSpatialDataCheck.Domain.SchemeService) changed at :F:\gitStudio\AGSpatialDataCheck\AGSpatialDataCheck.Web\bin\Debug\net6.0\Data\Scheme\SchemeSqlMapColumn.xml
[8] 2023-10-18 15:21:03 Watch file (AGSpatialDataCheck.Domain.SchemeService) changed at :F:\gitStudio\AGSpatialDataCheck\AGSpatialDataCheck.Web\bin\Debug\net6.0\Data\Scheme\SchemeSqlmap.xml
[8] 2023-10-18 15:21:03 Watch file (AGSpatialDataCheck.Domain.RuleService) changed at :F:\gitStudio\AGSpatialDataCheck\AGSpatialDataCheck.Web\bin\Debug\net6.0\Data\Rule\RuleSqlMapColumn.xml
[8] 2023-10-18 15:21:03 Watch file (AGSpatialDataCheck.Domain.RuleService) changed at :F:\gitStudio\AGSpatialDataCheck\AGSpatialDataCheck.Web\bin\Debug\net6.0\Data\Rule\RuleSqlmap.xml
[8] 2023-10-18 15:21:03 Watch file (AGSpatialDataCheck.Domain.FileStorageService) changed at :F:\gitStudio\AGSpatialDataCheck\AGSpatialDataCheck.Web\bin\Debug\net6.0\Data\FileStorage\FileStorageSqlMapColumn.xml
[8] 2023-10-18 15:21:03 Watch file (AGSpatialDataCheck.Domain.FileStorageService) changed at :F:\gitStudio\AGSpatialDataCheck\AGSpatialDataCheck.Web\bin\Debug\net6.0\Data\FileStorage\FileStorageSqlmap.xml
[8] 2023-10-18 15:21:03 Watch sqlmap files finished .
[5] 2023-10-18 15:21:03 初始化AutoMigrateHelper完成
[5] 2023-10-18 15:21:03 开始AutoMigrate...
[5] 2023-10-18 15:21:03 ALTER TABLE a_rule ADD COLUMN temp_is_topology
[5] 2023-10-18 15:21:03 UPDATE a_rule SET temp_is_topology=is_topology
[5] 2023-10-18 15:21:03 CREATE TABLE a_rule_temp (id,rule_name,rule_url,rule_error_tips,rule_type,description,weight,status_code,create_time,update_time,temp_is_topology)
[5] 2023-10-18 15:21:03 INSERT INTO a_rule_temp SELECT id,rule_name,rule_url,rule_error_tips,rule_type,description,weight,status_code,create_time,update_time,temp_is_topology FROM a_rule
[5] 2023-10-18 15:21:03 DROP TABLE a_rule
[5] 2023-10-18 15:21:03 ALTER TABLE a_rule_temp RENAME TO a_rule
[5] 2023-10-18 15:21:03 ALTER TABLE a_rule ADD COLUMN is_topology INTEGER
[5] 2023-10-18 15:21:03 UPDATE a_rule SET is_topology=temp_is_topology
[5] 2023-10-18 15:21:03 CREATE TABLE a_rule_temp (id,rule_name,rule_url,rule_error_tips,rule_type,description,weight,status_code,create_time,update_time,is_topology)
[5] 2023-10-18 15:21:03 INSERT INTO a_rule_temp SELECT id,rule_name,rule_url,rule_error_tips,rule_type,description,weight,status_code,create_time,update_time,is_topology FROM a_rule
[5] 2023-10-18 15:21:03 DROP TABLE a_rule
[5] 2023-10-18 15:21:03 ALTER TABLE a_rule_temp RENAME TO a_rule
[5] 2023-10-18 15:21:03 修改表【a_rule】字段【is_topology】成功
[5] 2023-10-18 15:21:03 ALTER TABLE a_rule ADD COLUMN temp_status_code
[5] 2023-10-18 15:21:03 UPDATE a_rule SET temp_status_code=status_code
[5] 2023-10-18 15:21:03 CREATE TABLE a_rule_temp (id,rule_name,rule_url,rule_error_tips,rule_type,description,weight,create_time,update_time,is_topology,temp_status_code)
[5] 2023-10-18 15:21:03 INSERT INTO a_rule_temp SELECT id,rule_name,rule_url,rule_error_tips,rule_type,description,weight,create_time,update_time,is_topology,temp_status_code FROM a_rule
[5] 2023-10-18 15:21:03 DROP TABLE a_rule
[5] 2023-10-18 15:21:03 ALTER TABLE a_rule_temp RENAME TO a_rule
[5] 2023-10-18 15:21:03 ALTER TABLE a_rule ADD COLUMN status_code INTEGER
[5] 2023-10-18 15:21:03 UPDATE a_rule SET status_code=temp_status_code
[5] 2023-10-18 15:21:03 CREATE TABLE a_rule_temp (id,rule_name,rule_url,rule_error_tips,rule_type,description,weight,create_time,update_time,is_topology,status_code)
[5] 2023-10-18 15:21:03 INSERT INTO a_rule_temp SELECT id,rule_name,rule_url,rule_error_tips,rule_type,description,weight,create_time,update_time,is_topology,status_code FROM a_rule
[5] 2023-10-18 15:21:03 DROP TABLE a_rule
[5] 2023-10-18 15:21:03 ALTER TABLE a_rule_temp RENAME TO a_rule
[5] 2023-10-18 15:21:03 修改表【a_rule】字段【status_code】成功
[5] 2023-10-18 15:21:03 AutoMigrate：a_rule
[5] 2023-10-18 15:21:03 ALTER TABLE a_scheme ADD COLUMN temp_status_code
[5] 2023-10-18 15:21:03 UPDATE a_scheme SET temp_status_code=status_code
[5] 2023-10-18 15:21:03 CREATE TABLE a_scheme_temp (id,scheme_name,create_time,update_time,temp_status_code)
[5] 2023-10-18 15:21:03 INSERT INTO a_scheme_temp SELECT id,scheme_name,create_time,update_time,temp_status_code FROM a_scheme
[5] 2023-10-18 15:21:03 DROP TABLE a_scheme
[5] 2023-10-18 15:21:03 ALTER TABLE a_scheme_temp RENAME TO a_scheme
[5] 2023-10-18 15:21:03 ALTER TABLE a_scheme ADD COLUMN status_code INTEGER
[5] 2023-10-18 15:21:03 UPDATE a_scheme SET status_code=temp_status_code
[5] 2023-10-18 15:21:03 CREATE TABLE a_scheme_temp (id,scheme_name,create_time,update_time,status_code)
[5] 2023-10-18 15:21:03 INSERT INTO a_scheme_temp SELECT id,scheme_name,create_time,update_time,status_code FROM a_scheme
[5] 2023-10-18 15:21:03 DROP TABLE a_scheme
[5] 2023-10-18 15:21:03 ALTER TABLE a_scheme_temp RENAME TO a_scheme
[5] 2023-10-18 15:21:03 修改表【a_scheme】字段【status_code】成功
[5] 2023-10-18 15:21:03 AutoMigrate：a_scheme
[5] 2023-10-18 15:21:03 ALTER TABLE A_File_Storage ADD COLUMN temp_filesize
[5] 2023-10-18 15:21:03 UPDATE A_File_Storage SET temp_filesize=filesize
[5] 2023-10-18 15:21:03 CREATE TABLE A_File_Storage_temp (id,filename,filepath,fileextension,filetree,secret,statuscode,createuser,createtime,temp_filesize)
[5] 2023-10-18 15:21:03 INSERT INTO A_File_Storage_temp SELECT id,filename,filepath,fileextension,filetree,secret,statuscode,createuser,createtime,temp_filesize FROM A_File_Storage
[5] 2023-10-18 15:21:03 DROP TABLE A_File_Storage
[5] 2023-10-18 15:21:03 ALTER TABLE A_File_Storage_temp RENAME TO A_File_Storage
[5] 2023-10-18 15:21:03 ALTER TABLE A_File_Storage ADD COLUMN filesize INTEGER
[5] 2023-10-18 15:21:03 UPDATE A_File_Storage SET filesize=temp_filesize
[5] 2023-10-18 15:21:03 CREATE TABLE A_File_Storage_temp (id,filename,filepath,fileextension,filetree,secret,statuscode,createuser,createtime,filesize)
[5] 2023-10-18 15:21:03 INSERT INTO A_File_Storage_temp SELECT id,filename,filepath,fileextension,filetree,secret,statuscode,createuser,createtime,filesize FROM A_File_Storage
[5] 2023-10-18 15:21:03 DROP TABLE A_File_Storage
[5] 2023-10-18 15:21:03 ALTER TABLE A_File_Storage_temp RENAME TO A_File_Storage
[5] 2023-10-18 15:21:03 修改表【A_File_Storage】字段【filesize】成功
[5] 2023-10-18 15:21:03 AutoMigrate：A_File_Storage
[5] 2023-10-18 15:21:03 ALTER TABLE a_scheme_rule ADD COLUMN temp_min_value
[5] 2023-10-18 15:21:03 UPDATE a_scheme_rule SET temp_min_value=min_value
[5] 2023-10-18 15:21:03 CREATE TABLE a_scheme_rule_temp (id,scheme_name,scheme_id,rule_name,rule_id,layer_path,layer_type,layer_name,where_clause,back_field_names,unique_field_name,unique_field_cn,layer_path2,layer_type2,layer_name2,where_clause2,back_field_names2,unique_field_name2,unique_field_cn2,error_desc,max_value,param_value,param_values,status_code,create_time,update_time,ExtraData,ExtraData2,FieldName,FieldCN,FieldName2,FieldCN2,temp_min_value)
[5] 2023-10-18 15:21:03 INSERT INTO a_scheme_rule_temp SELECT id,scheme_name,scheme_id,rule_name,rule_id,layer_path,layer_type,layer_name,where_clause,back_field_names,unique_field_name,unique_field_cn,layer_path2,layer_type2,layer_name2,where_clause2,back_field_names2,unique_field_name2,unique_field_cn2,error_desc,max_value,param_value,param_values,status_code,create_time,update_time,ExtraData,ExtraData2,FieldName,FieldCN,FieldName2,FieldCN2,temp_min_value FROM a_scheme_rule
[5] 2023-10-18 15:21:03 DROP TABLE a_scheme_rule
[5] 2023-10-18 15:21:03 ALTER TABLE a_scheme_rule_temp RENAME TO a_scheme_rule
[5] 2023-10-18 15:21:03 ALTER TABLE a_scheme_rule ADD COLUMN min_value REAL
[5] 2023-10-18 15:21:03 UPDATE a_scheme_rule SET min_value=temp_min_value
[5] 2023-10-18 15:21:03 CREATE TABLE a_scheme_rule_temp (id,scheme_name,scheme_id,rule_name,rule_id,layer_path,layer_type,layer_name,where_clause,back_field_names,unique_field_name,unique_field_cn,layer_path2,layer_type2,layer_name2,where_clause2,back_field_names2,unique_field_name2,unique_field_cn2,error_desc,max_value,param_value,param_values,status_code,create_time,update_time,ExtraData,ExtraData2,FieldName,FieldCN,FieldName2,FieldCN2,min_value)
[5] 2023-10-18 15:21:03 INSERT INTO a_scheme_rule_temp SELECT id,scheme_name,scheme_id,rule_name,rule_id,layer_path,layer_type,layer_name,where_clause,back_field_names,unique_field_name,unique_field_cn,layer_path2,layer_type2,layer_name2,where_clause2,back_field_names2,unique_field_name2,unique_field_cn2,error_desc,max_value,param_value,param_values,status_code,create_time,update_time,ExtraData,ExtraData2,FieldName,FieldCN,FieldName2,FieldCN2,min_value FROM a_scheme_rule
[5] 2023-10-18 15:21:03 DROP TABLE a_scheme_rule
[5] 2023-10-18 15:21:03 ALTER TABLE a_scheme_rule_temp RENAME TO a_scheme_rule
[5] 2023-10-18 15:21:03 修改表【a_scheme_rule】字段【min_value】成功
[5] 2023-10-18 15:21:03 ALTER TABLE a_scheme_rule ADD COLUMN temp_max_value
[5] 2023-10-18 15:21:03 UPDATE a_scheme_rule SET temp_max_value=max_value
[5] 2023-10-18 15:21:03 CREATE TABLE a_scheme_rule_temp (id,scheme_name,scheme_id,rule_name,rule_id,layer_path,layer_type,layer_name,where_clause,back_field_names,unique_field_name,unique_field_cn,layer_path2,layer_type2,layer_name2,where_clause2,back_field_names2,unique_field_name2,unique_field_cn2,error_desc,param_value,param_values,status_code,create_time,update_time,ExtraData,ExtraData2,FieldName,FieldCN,FieldName2,FieldCN2,min_value,temp_max_value)
[5] 2023-10-18 15:21:03 INSERT INTO a_scheme_rule_temp SELECT id,scheme_name,scheme_id,rule_name,rule_id,layer_path,layer_type,layer_name,where_clause,back_field_names,unique_field_name,unique_field_cn,layer_path2,layer_type2,layer_name2,where_clause2,back_field_names2,unique_field_name2,unique_field_cn2,error_desc,param_value,param_values,status_code,create_time,update_time,ExtraData,ExtraData2,FieldName,FieldCN,FieldName2,FieldCN2,min_value,temp_max_value FROM a_scheme_rule
[5] 2023-10-18 15:21:03 DROP TABLE a_scheme_rule
[5] 2023-10-18 15:21:03 ALTER TABLE a_scheme_rule_temp RENAME TO a_scheme_rule
[5] 2023-10-18 15:21:03 ALTER TABLE a_scheme_rule ADD COLUMN max_value REAL
[5] 2023-10-18 15:21:03 UPDATE a_scheme_rule SET max_value=temp_max_value
[5] 2023-10-18 15:21:03 CREATE TABLE a_scheme_rule_temp (id,scheme_name,scheme_id,rule_name,rule_id,layer_path,layer_type,layer_name,where_clause,back_field_names,unique_field_name,unique_field_cn,layer_path2,layer_type2,layer_name2,where_clause2,back_field_names2,unique_field_name2,unique_field_cn2,error_desc,param_value,param_values,status_code,create_time,update_time,ExtraData,ExtraData2,FieldName,FieldCN,FieldName2,FieldCN2,min_value,max_value)
[5] 2023-10-18 15:21:03 INSERT INTO a_scheme_rule_temp SELECT id,scheme_name,scheme_id,rule_name,rule_id,layer_path,layer_type,layer_name,where_clause,back_field_names,unique_field_name,unique_field_cn,layer_path2,layer_type2,layer_name2,where_clause2,back_field_names2,unique_field_name2,unique_field_cn2,error_desc,param_value,param_values,status_code,create_time,update_time,ExtraData,ExtraData2,FieldName,FieldCN,FieldName2,FieldCN2,min_value,max_value FROM a_scheme_rule
[5] 2023-10-18 15:21:03 DROP TABLE a_scheme_rule
[5] 2023-10-18 15:21:03 ALTER TABLE a_scheme_rule_temp RENAME TO a_scheme_rule
[5] 2023-10-18 15:21:03 修改表【a_scheme_rule】字段【max_value】成功
[5] 2023-10-18 15:21:03 ALTER TABLE a_scheme_rule ADD COLUMN temp_status_code
[5] 2023-10-18 15:21:03 UPDATE a_scheme_rule SET temp_status_code=status_code
[5] 2023-10-18 15:21:03 CREATE TABLE a_scheme_rule_temp (id,scheme_name,scheme_id,rule_name,rule_id,layer_path,layer_type,layer_name,where_clause,back_field_names,unique_field_name,unique_field_cn,layer_path2,layer_type2,layer_name2,where_clause2,back_field_names2,unique_field_name2,unique_field_cn2,error_desc,param_value,param_values,create_time,update_time,ExtraData,ExtraData2,FieldName,FieldCN,FieldName2,FieldCN2,min_value,max_value,temp_status_code)
[5] 2023-10-18 15:21:03 INSERT INTO a_scheme_rule_temp SELECT id,scheme_name,scheme_id,rule_name,rule_id,layer_path,layer_type,layer_name,where_clause,back_field_names,unique_field_name,unique_field_cn,layer_path2,layer_type2,layer_name2,where_clause2,back_field_names2,unique_field_name2,unique_field_cn2,error_desc,param_value,param_values,create_time,update_time,ExtraData,ExtraData2,FieldName,FieldCN,FieldName2,FieldCN2,min_value,max_value,temp_status_code FROM a_scheme_rule
[5] 2023-10-18 15:21:03 DROP TABLE a_scheme_rule
[5] 2023-10-18 15:21:03 ALTER TABLE a_scheme_rule_temp RENAME TO a_scheme_rule
[5] 2023-10-18 15:21:03 ALTER TABLE a_scheme_rule ADD COLUMN status_code INTEGER
[5] 2023-10-18 15:21:03 UPDATE a_scheme_rule SET status_code=temp_status_code
[5] 2023-10-18 15:21:03 CREATE TABLE a_scheme_rule_temp (id,scheme_name,scheme_id,rule_name,rule_id,layer_path,layer_type,layer_name,where_clause,back_field_names,unique_field_name,unique_field_cn,layer_path2,layer_type2,layer_name2,where_clause2,back_field_names2,unique_field_name2,unique_field_cn2,error_desc,param_value,param_values,create_time,update_time,ExtraData,ExtraData2,FieldName,FieldCN,FieldName2,FieldCN2,min_value,max_value,status_code)
[5] 2023-10-18 15:21:03 INSERT INTO a_scheme_rule_temp SELECT id,scheme_name,scheme_id,rule_name,rule_id,layer_path,layer_type,layer_name,where_clause,back_field_names,unique_field_name,unique_field_cn,layer_path2,layer_type2,layer_name2,where_clause2,back_field_names2,unique_field_name2,unique_field_cn2,error_desc,param_value,param_values,create_time,update_time,ExtraData,ExtraData2,FieldName,FieldCN,FieldName2,FieldCN2,min_value,max_value,status_code FROM a_scheme_rule
[5] 2023-10-18 15:21:03 DROP TABLE a_scheme_rule
[5] 2023-10-18 15:21:03 ALTER TABLE a_scheme_rule_temp RENAME TO a_scheme_rule
[5] 2023-10-18 15:21:03 修改表【a_scheme_rule】字段【status_code】成功
[5] 2023-10-18 15:21:03 AutoMigrate：a_scheme_rule
[5] 2023-10-18 15:21:03 AutoMigrate完成 - 2023/10/18 15:21:03
[1] 2023-10-18 15:21:13 Bootstrapper Starting: 
[1] 2023-10-18 15:21:13 App:AGSpatialDataCheck.Web
Description:
Version:1.0.0.0
Company:AGSpatialDataCheck.Web
Copyright:
StartTime:2023/10/18 15:21:12
Location:F:\gitStudio\AGSpatialDataCheck\AGSpatialDataCheck.Web\bin\Debug\net6.0
MachineName:DESKTOP-R92DDN7

[1] 2023-10-18 15:21:13 Environment: 
[1] 2023-10-18 15:21:13 Environment name: dev
[1] 2023-10-18 15:21:13 Environment IsProd: False
[1] 2023-10-18 15:21:13 Environment IsQa: False
[1] 2023-10-18 15:21:13 Environment IsDev: True
[1] 2023-10-18 15:21:13 Execute Starter: ServiceCenter.Core.Aop.Default.DefaultObjectContainerStarter
[1] 2023-10-18 15:21:13 Create Default Dependency Injection Container...
[1] 2023-10-18 15:21:13 Assign Object Container: ServiceCenter.Core.Aop.Default.DefaultObjectContainer
[1] 2023-10-18 15:21:13 Completed Starter: ServiceCenter.Core.Aop.Default.DefaultObjectContainerStarter, Time: 0 ms
[1] 2023-10-18 15:21:13 Execute Starter: ServiceCenter.Core.Config.DefaultConfigStarter
[1] 2023-10-18 15:21:13 Completed Starter: ServiceCenter.Core.Config.DefaultConfigStarter, Time: 0 ms
[1] 2023-10-18 15:21:13 Execute Starter: ServiceCenter.Core.Caching.Configuration.RuntimeCacheStarter
[1] 2023-10-18 15:21:13 Add Runtime Cache Provider...
[1] 2023-10-18 15:21:13 Completed Starter: ServiceCenter.Core.Caching.Configuration.RuntimeCacheStarter, Time: 2 ms
[1] 2023-10-18 15:21:13 Execute Starter: ServiceCenter.Core.IdGenerate.SnowflakeIdStringCreatorStarter
[1] 2023-10-18 15:21:13 IdGenerateManager Register ServiceCenter.Core.IdGenerate.SnowflakeIdStringCreator as IIdCreator[STRING]. 
[1] 2023-10-18 15:21:13 Completed Starter: ServiceCenter.Core.IdGenerate.SnowflakeIdStringCreatorStarter, Time: 3 ms
[1] 2023-10-18 15:21:13 Execute Starter: ServiceCenter.Core.IdGenerate.TimestampIdLongCreatorStarter
[1] 2023-10-18 15:21:13 IdGenerateManager Register ServiceCenter.Core.IdGenerate.TimestampIdLongCreator as IIdCreator[LONG]. 
[1] 2023-10-18 15:21:13 Completed Starter: ServiceCenter.Core.IdGenerate.TimestampIdLongCreatorStarter, Time: 0 ms
[1] 2023-10-18 15:21:13 Execute Starter: ServiceCenter.Core.Data.DbContextStarter
[1] 2023-10-18 15:21:13 Load DbContext : AGSpatialDataCheck.Domain.SqliteDbContext
[1] 2023-10-18 15:21:13 Registered DbContext:AGSpatialDataCheck.Domain.SqliteDbContext(Singleton)
[1] 2023-10-18 15:21:13 Registered ApplicationService:AGSpatialDataCheck.Domain.FileStorageService(Transient)
[1] 2023-10-18 15:21:13 Registered Repository:ServiceCenter.Core.Data.IRepositoryNoPK`2[AGSpatialDataCheck.Domain.SqliteDbContext,AGSpatialDataCheck.Domain.FileStorageEntity]  to ServiceCenter.Core.Data.PDRepositoryBaseCustom`2[AGSpatialDataCheck.Domain.SqliteDbContext,AGSpatialDataCheck.Domain.FileStorageEntity](Transient)
[1] 2023-10-18 15:21:13 Registered ApplicationService:AGSpatialDataCheck.Domain.RuleService(Transient)
[1] 2023-10-18 15:21:13 Registered Repository:ServiceCenter.Core.Data.IRepositoryNoPK`2[AGSpatialDataCheck.Domain.SqliteDbContext,AGSpatialDataCheck.Domain.RuleEntity]  to ServiceCenter.Core.Data.PDRepositoryBaseCustom`2[AGSpatialDataCheck.Domain.SqliteDbContext,AGSpatialDataCheck.Domain.RuleEntity](Transient)
[1] 2023-10-18 15:21:13 Registered ApplicationService:AGSpatialDataCheck.Domain.SchemeRuleService(Transient)
[1] 2023-10-18 15:21:13 Registered Repository:ServiceCenter.Core.Data.IRepositoryNoPK`2[AGSpatialDataCheck.Domain.SqliteDbContext,AGSpatialDataCheck.Domain.SchemeRuleEntity]  to ServiceCenter.Core.Data.PDRepositoryBaseCustom`2[AGSpatialDataCheck.Domain.SqliteDbContext,AGSpatialDataCheck.Domain.SchemeRuleEntity](Transient)
[1] 2023-10-18 15:21:13 Registered ApplicationService:AGSpatialDataCheck.Domain.SchemeService(Transient)
[1] 2023-10-18 15:21:13 Registered Repository:ServiceCenter.Core.Data.IRepositoryNoPK`2[AGSpatialDataCheck.Domain.SqliteDbContext,AGSpatialDataCheck.Domain.SchemeEntity]  to ServiceCenter.Core.Data.PDRepositoryBaseCustom`2[AGSpatialDataCheck.Domain.SqliteDbContext,AGSpatialDataCheck.Domain.SchemeEntity](Transient)
[1] 2023-10-18 15:21:13 Completed Starter: ServiceCenter.Core.Data.DbContextStarter, Time: 8 ms
[3] 2023-10-18 15:21:14 LocalDatabaseConfigLoader Load: F:\gitStudio\AGSpatialDataCheck\AGSpatialDataCheck.Web\bin\Debug\net6.0\SqliteDbContext.xml Starting
[3] 2023-10-18 15:21:14 Load DatabaseConfig Successfully : F:\gitStudio\AGSpatialDataCheck\AGSpatialDataCheck.Web\bin\Debug\net6.0\SqliteDbContext.xml 
[3] 2023-10-18 15:21:14 
 _____                 _____ _             _    
|  __ \               / ____| |           | |   
| |__) |   _ _ __ ___| (___ | |_ __ _  ___| | __
|  ___/ | | | '__/ _ \\___ \| __/ _` |/ __| |/ /
| |   | |_| | | |  __/____) | || (_| | (__|   < 
|_|    \__,_|_|  \___|_____/ \__\__,_|\___|_|\_\

## Pure Data ##                         (v5.0.1.RELEASE)
                    

---------------------------DatabaseConfig---------------------------
ParameterPrefix=#{ 
ParameterSuffix=}  
GlobalTablePrefix=  
ExecuteTimeout=30
DefaultPageSize=10
AutoDisposeConnection=True
ValidateStopOnFirstFailure=False
LoadMapperMode=FluentMapper
EnableLobConverter=False
LobConverterClassName=
BulkOperateClassName=
EnableDefaultPropertySecurityValidate=False
PropertySecurityValidateClassName=

EnableDebug=True
EnableIntercept=True
EnableLogError=True
EnableOrmLog=True
LogWithRawSql=True
CategoryLogType=False
OrmLogsPath=F:\gitStudio\AGSpatialDataCheck\AGSpatialDataCheck.Web\logs
MaxServerLogSize=12000

EnableOrmCache=False
CacheOrmTime=60
CacheOrmSingleTime=60
OrmCacheCheckPeriod=5

EnableSqlMap=True
NameSpacePrefix=AGSpatialDataCheck.Domain.
CanUpdatedWhenTableExisted=True
FormatSql=True
IsWatchSqlMapFile=True
WatchSqlMapInterval=3000
SqlMapDirPaths=Data
SqlMapFilePaths=

AutoMigrate=True
AutoRemoveUnuseColumnInTable=True
EnableAutoMigrateLog=False
EnableAutoMigrateDebug=True
AutoMigrateOnContainTable=
AutoMigrateWithoutTable=
EnableGlobalIgnoreUpdatedColumns=True
AutoFilterEmptyValueColumnsWhenTrack=True
GlobalIgnoreUpdatedColumns=Id;Version;VersionRefId;CreateTime;CreateUser;CreateUserID

Interceptors=Pure.Data.ConnectionTestIntercept;Pure.Data.OutputSQLIntercept;Pure.Data.OutputExceptionIntercept
MappingAssemblies=AGSpatialDataCheck.Domain, Version=1.0.0.0, Culture=neutral, PublicKeyToken=null
DataSources=WriteDB_Write_1
OutputAction=Pure.Data.OutputActionDelegate
DbConnectionInit=
---------------------------Finish Loading DatabaseConfig---------------------------
[3] 2023-10-18 15:21:14 Loading SqlMap Directory: F:\gitStudio\AGSpatialDataCheck\AGSpatialDataCheck.Web\bin\Debug\net6.0\Data
[3] 2023-10-18 15:21:14 Loading SqlMap : F:\gitStudio\AGSpatialDataCheck\AGSpatialDataCheck.Web\bin\Debug\net6.0\Data\SchemeRule\SchemeRuleSqlMapColumn.xml
[3] 2023-10-18 15:21:14 Loaded (AGSpatialDataCheck.Domain.SchemeRuleService) Successfully.
[3] 2023-10-18 15:21:14 Loading SqlMap : F:\gitStudio\AGSpatialDataCheck\AGSpatialDataCheck.Web\bin\Debug\net6.0\Data\SchemeRule\SchemeRuleSqlmap.xml
[3] 2023-10-18 15:21:14 Loaded (AGSpatialDataCheck.Domain.SchemeRuleService) Successfully.
[3] 2023-10-18 15:21:14 Loading SqlMap : F:\gitStudio\AGSpatialDataCheck\AGSpatialDataCheck.Web\bin\Debug\net6.0\Data\Scheme\SchemeSqlMapColumn.xml
[3] 2023-10-18 15:21:14 Loaded (AGSpatialDataCheck.Domain.SchemeService) Successfully.
[3] 2023-10-18 15:21:14 Loading SqlMap : F:\gitStudio\AGSpatialDataCheck\AGSpatialDataCheck.Web\bin\Debug\net6.0\Data\Scheme\SchemeSqlmap.xml
[3] 2023-10-18 15:21:14 Loaded (AGSpatialDataCheck.Domain.SchemeService) Successfully.
[3] 2023-10-18 15:21:14 Loading SqlMap : F:\gitStudio\AGSpatialDataCheck\AGSpatialDataCheck.Web\bin\Debug\net6.0\Data\Rule\RuleSqlMapColumn.xml
[3] 2023-10-18 15:21:14 Loaded (AGSpatialDataCheck.Domain.RuleService) Successfully.
[3] 2023-10-18 15:21:14 Loading SqlMap : F:\gitStudio\AGSpatialDataCheck\AGSpatialDataCheck.Web\bin\Debug\net6.0\Data\Rule\RuleSqlmap.xml
[3] 2023-10-18 15:21:14 Loaded (AGSpatialDataCheck.Domain.RuleService) Successfully.
[3] 2023-10-18 15:21:14 Loading SqlMap : F:\gitStudio\AGSpatialDataCheck\AGSpatialDataCheck.Web\bin\Debug\net6.0\Data\FileStorage\FileStorageSqlMapColumn.xml
[3] 2023-10-18 15:21:14 Loaded (AGSpatialDataCheck.Domain.FileStorageService) Successfully.
[3] 2023-10-18 15:21:14 Loading SqlMap : F:\gitStudio\AGSpatialDataCheck\AGSpatialDataCheck.Web\bin\Debug\net6.0\Data\FileStorage\FileStorageSqlmap.xml
[3] 2023-10-18 15:21:14 Loaded (AGSpatialDataCheck.Domain.FileStorageService) Successfully.
[9] 2023-10-18 15:21:14 Watch file (AGSpatialDataCheck.Domain.SchemeRuleService) changed at :F:\gitStudio\AGSpatialDataCheck\AGSpatialDataCheck.Web\bin\Debug\net6.0\Data\SchemeRule\SchemeRuleSqlMapColumn.xml
[9] 2023-10-18 15:21:14 Watch file (AGSpatialDataCheck.Domain.SchemeRuleService) changed at :F:\gitStudio\AGSpatialDataCheck\AGSpatialDataCheck.Web\bin\Debug\net6.0\Data\SchemeRule\SchemeRuleSqlmap.xml
[9] 2023-10-18 15:21:14 Watch file (AGSpatialDataCheck.Domain.SchemeService) changed at :F:\gitStudio\AGSpatialDataCheck\AGSpatialDataCheck.Web\bin\Debug\net6.0\Data\Scheme\SchemeSqlMapColumn.xml
[9] 2023-10-18 15:21:14 Watch file (AGSpatialDataCheck.Domain.SchemeService) changed at :F:\gitStudio\AGSpatialDataCheck\AGSpatialDataCheck.Web\bin\Debug\net6.0\Data\Scheme\SchemeSqlmap.xml
[9] 2023-10-18 15:21:14 Watch file (AGSpatialDataCheck.Domain.RuleService) changed at :F:\gitStudio\AGSpatialDataCheck\AGSpatialDataCheck.Web\bin\Debug\net6.0\Data\Rule\RuleSqlMapColumn.xml
[9] 2023-10-18 15:21:14 Watch file (AGSpatialDataCheck.Domain.RuleService) changed at :F:\gitStudio\AGSpatialDataCheck\AGSpatialDataCheck.Web\bin\Debug\net6.0\Data\Rule\RuleSqlmap.xml
[9] 2023-10-18 15:21:14 Watch file (AGSpatialDataCheck.Domain.FileStorageService) changed at :F:\gitStudio\AGSpatialDataCheck\AGSpatialDataCheck.Web\bin\Debug\net6.0\Data\FileStorage\FileStorageSqlMapColumn.xml
[9] 2023-10-18 15:21:14 Watch file (AGSpatialDataCheck.Domain.FileStorageService) changed at :F:\gitStudio\AGSpatialDataCheck\AGSpatialDataCheck.Web\bin\Debug\net6.0\Data\FileStorage\FileStorageSqlmap.xml
[9] 2023-10-18 15:21:14 Watch sqlmap files finished .
[3] 2023-10-18 15:21:14 初始化AutoMigrateHelper完成
[3] 2023-10-18 15:21:14 开始AutoMigrate...
[3] 2023-10-18 15:21:14 AutoMigrate：a_rule
[3] 2023-10-18 15:21:14 AutoMigrate：a_scheme
[3] 2023-10-18 15:21:14 AutoMigrate：A_File_Storage
[3] 2023-10-18 15:21:14 AutoMigrate：a_scheme_rule
[3] 2023-10-18 15:21:14 AutoMigrate完成 - 2023/10/18 15:21:14
