[1] 2023-09-15 16:02:09 Bootstrapper Starting: 
[1] 2023-09-15 16:02:09 App:AGSpatialDataCheck.Web
Description:
Version:1.0.0.0
Company:AGSpatialDataCheck.Web
Copyright:
StartTime:2023/9/15 16:02:09
Location:F:\gitStudio\AGSpatialDataCheck\AGSpatialDataCheck.Web\bin\Debug\net6.0
MachineName:DESKTOP-R92DDN7

[1] 2023-09-15 16:02:09 Environment: 
[1] 2023-09-15 16:02:09 Environment name: dev
[1] 2023-09-15 16:02:09 Environment IsProd: False
[1] 2023-09-15 16:02:09 Environment IsQa: False
[1] 2023-09-15 16:02:09 Environment IsDev: True
[1] 2023-09-15 16:02:09 Execute Starter: ServiceCenter.Core.Aop.Default.DefaultObjectContainerStarter
[1] 2023-09-15 16:02:09 Create Default Dependency Injection Container...
[1] 2023-09-15 16:02:09 Assign Object Container: ServiceCenter.Core.Aop.Default.DefaultObjectContainer
[1] 2023-09-15 16:02:09 Completed Starter: ServiceCenter.Core.Aop.Default.DefaultObjectContainerStarter, Time: 0 ms
[1] 2023-09-15 16:02:09 Execute Starter: ServiceCenter.Core.Config.DefaultConfigStarter
[1] 2023-09-15 16:02:09 Completed Starter: ServiceCenter.Core.Config.DefaultConfigStarter, Time: 0 ms
[1] 2023-09-15 16:02:09 Execute Starter: ServiceCenter.Core.Caching.Configuration.RuntimeCacheStarter
[1] 2023-09-15 16:02:09 Add Runtime Cache Provider...
[1] 2023-09-15 16:02:09 Completed Starter: ServiceCenter.Core.Caching.Configuration.RuntimeCacheStarter, Time: 2 ms
[1] 2023-09-15 16:02:09 Execute Starter: ServiceCenter.Core.IdGenerate.SnowflakeIdStringCreatorStarter
[1] 2023-09-15 16:02:09 IdGenerateManager Register ServiceCenter.Core.IdGenerate.SnowflakeIdStringCreator as IIdCreator[STRING]. 
[1] 2023-09-15 16:02:09 Completed Starter: ServiceCenter.Core.IdGenerate.SnowflakeIdStringCreatorStarter, Time: 3 ms
[1] 2023-09-15 16:02:09 Execute Starter: ServiceCenter.Core.IdGenerate.TimestampIdLongCreatorStarter
[1] 2023-09-15 16:02:09 IdGenerateManager Register ServiceCenter.Core.IdGenerate.TimestampIdLongCreator as IIdCreator[LONG]. 
[1] 2023-09-15 16:02:09 Completed Starter: ServiceCenter.Core.IdGenerate.TimestampIdLongCreatorStarter, Time: 0 ms
[1] 2023-09-15 16:02:09 Execute Starter: ServiceCenter.Core.Data.DbContextStarter
[1] 2023-09-15 16:02:09 Load DbContext : AGSpatiaDataCheck.Domain.SqliteDbContext
[1] 2023-09-15 16:02:09 Registered DbContext:AGSpatiaDataCheck.Domain.SqliteDbContext(Singleton)
[1] 2023-09-15 16:02:09 Registered ApplicationService:AGSpatiaDataCheck.Domain.FileStorageService(Transient)
[1] 2023-09-15 16:02:09 Registered Repository:ServiceCenter.Core.Data.IRepositoryNoPK`2[AGSpatiaDataCheck.Domain.SqliteDbContext,AGSpatiaDataCheck.Domain.FileStorageEntity]  to ServiceCenter.Core.Data.PDRepositoryBaseCustom`2[AGSpatiaDataCheck.Domain.SqliteDbContext,AGSpatiaDataCheck.Domain.FileStorageEntity](Transient)
[1] 2023-09-15 16:02:09 Completed Starter: ServiceCenter.Core.Data.DbContextStarter, Time: 7 ms
[5] 2023-09-15 16:02:11 LocalDatabaseConfigLoader Load: F:\gitStudio\AGSpatialDataCheck\AGSpatialDataCheck.Web\bin\Debug\net6.0\SqliteDbContext.xml Starting
[5] 2023-09-15 16:02:11  ; Error ---> Message:MapperSource 中存在不正确的Type：AGSpatiaDataCheck.Domain.SqliteDbContext,AGSpatiaDataCheck.Domain
StackTrace:
Source:

[5] 2023-09-15 16:02:11 Load DatabaseConfig Successfully : F:\gitStudio\AGSpatialDataCheck\AGSpatialDataCheck.Web\bin\Debug\net6.0\SqliteDbContext.xml 
[5] 2023-09-15 16:02:11 
 _____                 _____ _             _    
|  __ \               / ____| |           | |   
| |__) |   _ _ __ ___| (___ | |_ __ _  ___| | __
|  ___/ | | | '__/ _ \\___ \| __/ _` |/ __| |/ /
| |   | |_| | | |  __/____) | || (_| | (__|   < 
|_|    \__,_|_|  \___|_____/ \__\__,_|\___|_|\_\

## Pure Data ##                         (v5.0.1.RELEASE)
                    

---------------------------DatabaseConfig---------------------------
ParameterPrefix=#{ 
ParameterSuffix=}  
GlobalTablePrefix=  
ExecuteTimeout=30
DefaultPageSize=10
AutoDisposeConnection=True
ValidateStopOnFirstFailure=False
LoadMapperMode=FluentMapper
EnableLobConverter=False
LobConverterClassName=
BulkOperateClassName=
EnableDefaultPropertySecurityValidate=False
PropertySecurityValidateClassName=

EnableDebug=True
EnableIntercept=True
EnableLogError=True
EnableOrmLog=True
LogWithRawSql=True
CategoryLogType=False
OrmLogsPath=F:\gitStudio\AGSpatialDataCheck\AGSpatialDataCheck.Web\logs
MaxServerLogSize=12000

EnableOrmCache=False
CacheOrmTime=60
CacheOrmSingleTime=60
OrmCacheCheckPeriod=5

EnableSqlMap=True
NameSpacePrefix=AGSpatiaDataCheck.Domain.
CanUpdatedWhenTableExisted=True
FormatSql=True
IsWatchSqlMapFile=True
WatchSqlMapInterval=3000
SqlMapDirPaths=Data
SqlMapFilePaths=

AutoMigrate=True
AutoRemoveUnuseColumnInTable=True
EnableAutoMigrateLog=False
EnableAutoMigrateDebug=True
AutoMigrateOnContainTable=
AutoMigrateWithoutTable=
EnableGlobalIgnoreUpdatedColumns=True
AutoFilterEmptyValueColumnsWhenTrack=True
GlobalIgnoreUpdatedColumns=Id;Version;VersionRefId;CreateTime;CreateUser;CreateUserID

Interceptors=Pure.Data.ConnectionTestIntercept;Pure.Data.OutputSQLIntercept;Pure.Data.OutputExceptionIntercept
MappingAssemblies=
DataSources=WriteDB_Write_1
OutputAction=Pure.Data.OutputActionDelegate
DbConnectionInit=
---------------------------Finish Loading DatabaseConfig---------------------------
[5] 2023-09-15 16:02:11 Loading SqlMap Directory: F:\gitStudio\AGSpatialDataCheck\AGSpatialDataCheck.Web\bin\Debug\net6.0\Data
[5] 2023-09-15 16:02:11 Loading SqlMap : F:\gitStudio\AGSpatialDataCheck\AGSpatialDataCheck.Web\bin\Debug\net6.0\Data\FileStorage\FileStorageSqlMapColumn.xml
[5] 2023-09-15 16:02:11 Loaded (AGSpatiaDataCheck.Domain.FileStorageService) Successfully.
[5] 2023-09-15 16:02:11 Loading SqlMap : F:\gitStudio\AGSpatialDataCheck\AGSpatialDataCheck.Web\bin\Debug\net6.0\Data\FileStorage\FileStorageSqlmap.xml
[5] 2023-09-15 16:02:11 Loaded (AGSpatiaDataCheck.Domain.FileStorageService) Successfully.
[3] 2023-09-15 16:02:11 Watch file (AGSpatiaDataCheck.Domain.FileStorageService) changed at :F:\gitStudio\AGSpatialDataCheck\AGSpatialDataCheck.Web\bin\Debug\net6.0\Data\FileStorage\FileStorageSqlMapColumn.xml
[3] 2023-09-15 16:02:11 Watch file (AGSpatiaDataCheck.Domain.FileStorageService) changed at :F:\gitStudio\AGSpatialDataCheck\AGSpatialDataCheck.Web\bin\Debug\net6.0\Data\FileStorage\FileStorageSqlmap.xml
[3] 2023-09-15 16:02:11 Watch sqlmap files finished .
[5] 2023-09-15 16:02:11 初始化AutoMigrateHelper完成
[5] 2023-09-15 16:02:11 开始AutoMigrate...
[5] 2023-09-15 16:02:11 AutoMigrate完成 - 2023/9/15 16:02:11
